#
# There is insufficient memory for the Java Runtime Environment to continue.
# Native memory allocation (malloc) failed to allocate 229104 bytes for Chunk::new
# Possible reasons:
#   The system is out of physical RAM or swap space
#   The process is running with CompressedOops enabled, and the Java Heap may be blocking the growth of the native heap
# Possible solutions:
#   Reduce memory load on the system
#   Increase physical memory or swap space
#   Check if swap backing store is full
#   Decrease Java heap size (-Xmx/-Xms)
#   Decrease number of Java threads
#   Decrease Java thread stack sizes (-Xss)
#   Set larger code cache with -XX:ReservedCodeCacheSize=
#   JVM is running with Unscaled Compressed Oops mode in which the Java heap is
#     placed in the first 4GB address space. The Java Heap base address is the
#     maximum limit for the native heap growth. Please use -XX:HeapBaseMinAddress
#     to set the Java Heap base and to place the Java Heap above 4GB virtual address.
# This output file may be truncated or incomplete.
#
#  Out of Memory Error (allocation.cpp:389), pid=772, tid=0x0000000000003aec
#
# JRE version: Java(TM) SE Runtime Environment (8.0_211-b12) (build 1.8.0_211-b12)
# Java VM: Java HotSpot(TM) 64-Bit Server VM (25.211-b12 mixed mode windows-amd64 compressed oops)
# Failed to write core dump. Minidumps are not enabled by default on client versions of Windows
#

---------------  T H R E A D  ---------------

Current thread (0x000000001939e800):  JavaThread "C2 CompilerThread1" daemon [_thread_in_native, id=15084, stack(0x0000000019750000,0x0000000019850000)]

Stack: [0x0000000019750000,0x0000000019850000]
[error occurred during error reporting (printing stack bounds), id 0xc0000005]

Native frames: (J=compiled Java code, j=interpreted, Vv=VM code, C=native code)


Current CompileTask:
C2:  21756 1750 %     4       ehaminian.gmail.com.stream1.Prequential::main @ 838 (1273 bytes)


---------------  P R O C E S S  ---------------

Java Threads: ( => current thread )
  0x0000000019421800 JavaThread "Service Thread" daemon [_thread_blocked, id=17048, stack(0x0000000019950000,0x0000000019a50000)]
  0x00000000193a4800 JavaThread "C1 CompilerThread2" daemon [_thread_blocked, id=15100, stack(0x0000000019850000,0x0000000019950000)]
=>0x000000001939e800 JavaThread "C2 CompilerThread1" daemon [_thread_in_native, id=15084, stack(0x0000000019750000,0x0000000019850000)]
  0x000000001939e000 JavaThread "C2 CompilerThread0" daemon [_thread_blocked, id=6448, stack(0x0000000019650000,0x0000000019750000)]
  0x0000000017bf8000 JavaThread "Attach Listener" daemon [_thread_blocked, id=10804, stack(0x0000000019150000,0x0000000019250000)]
  0x0000000017bf6000 JavaThread "Signal Dispatcher" daemon [_thread_blocked, id=2948, stack(0x0000000019050000,0x0000000019150000)]
  0x0000000002f0e800 JavaThread "Finalizer" daemon [_thread_blocked, id=8392, stack(0x0000000018e50000,0x0000000018f50000)]
  0x0000000017bb9000 JavaThread "Reference Handler" daemon [_thread_blocked, id=2220, stack(0x0000000018d50000,0x0000000018e50000)]
  0x0000000002e1b000 JavaThread "main" [_thread_in_Java, id=6956, stack(0x0000000002ca0000,0x0000000002da0000)]

Other Threads:
  0x0000000017bb7800 VMThread [stack: 0x0000000018c50000,0x0000000018d50000] [id=13572]
  0x0000000019448000 WatcherThread [stack: 0x0000000019a50000,0x0000000019b50000] [id=15952]

VM state:not at safepoint (normal execution)

VM Mutex/Monitor currently owned by a thread: None

heap address: 0x0000000081600000, size: 2026 MB, Compressed Oops mode: 32-bit
Narrow klass base: 0x0000000000000000, Narrow klass shift: 3
Compressed class space size: 1073741824 Address: 0x0000000100000000

Heap:
 PSYoungGen      total 441344K, used 219558K [0x00000000d5d00000, 0x00000000f1700000, 0x0000000100000000)
  eden space 430080K, 50% used [0x00000000d5d00000,0x00000000e2f01968,0x00000000f0100000)
  from space 11264K, 40% used [0x00000000f0100000,0x00000000f0568000,0x00000000f0c00000)
  to   space 10752K, 0% used [0x00000000f0c80000,0x00000000f0c80000,0x00000000f1700000)
 ParOldGen       total 94720K, used 53841K [0x0000000081600000, 0x0000000087280000, 0x00000000d5d00000)
  object space 94720K, 56% used [0x0000000081600000,0x0000000084a94708,0x0000000087280000)
 Metaspace       used 7483K, capacity 7792K, committed 7936K, reserved 1056768K
  class space    used 849K, capacity 948K, committed 1024K, reserved 1048576K

Card table byte_map: [0x0000000012450000,0x0000000012850000] byte_map_base: 0x0000000012045000

Marking Bits: (ParMarkBitMap*) 0x000000005c005ce0
 Begin Bits: [0x0000000012f00000, 0x0000000014ea8000)
 End Bits:   [0x0000000014ea8000, 0x0000000016e50000)

Polling page: 0x0000000002b00000

CodeCache: size=245760Kb used=8093Kb max_used=8093Kb free=237667Kb
 bounds [0x0000000003090000, 0x00000000038a0000, 0x0000000012090000]
 total_blobs=2001 nmethods=1701 adapters=213
 compilation: enabled

Compilation events (10 events):
Event: 15.409 Thread 0x00000000193a4800 nmethod 1745 0x00000000032900d0 code [0x0000000003290240, 0x0000000003290468]
Event: 15.658 Thread 0x00000000193a4800 1746 %     3       ehaminian.gmail.com.stream1.Prequential::main @ 387 (1273 bytes)
Event: 15.678 Thread 0x00000000193a4800 nmethod 1746% 0x000000000382c190 code [0x000000000382d9e0, 0x000000000383e9b8]
Event: 15.850 Thread 0x00000000193a4800 1747 %     3       ehaminian.gmail.com.stream1.Prequential::main @ 838 (1273 bytes)
Event: 15.862 Thread 0x00000000193a4800 nmethod 1747% 0x0000000003850690 code [0x0000000003851ee0, 0x0000000003862fb8]
Event: 16.034 Thread 0x00000000193a4800 1748       3       ehaminian.gmail.com.stream1.Prequential::main (1273 bytes)
Event: 16.035 Thread 0x000000001939e800 1749       4       sun.misc.FloatingDecimal::getBinaryToASCIIConverter (183 bytes)
Event: 16.038 Thread 0x000000001939e800 nmethod 1749 0x0000000003191d10 code [0x0000000003191e80, 0x0000000003192128]
Event: 16.048 Thread 0x00000000193a4800 nmethod 1748 0x0000000003874c90 code [0x00000000038764e0, 0x0000000003887078]
Event: 21.482 Thread 0x000000001939e800 1750 %     4       ehaminian.gmail.com.stream1.Prequential::main @ 838 (1273 bytes)

GC Heap History (10 events):
Event: 20.209 GC heap before
{Heap before GC invocations=64 (full 2):
 PSYoungGen      total 441344K, used 434240K [0x00000000d5d00000, 0x00000000f1700000, 0x0000000100000000)
  eden space 430080K, 100% used [0x00000000d5d00000,0x00000000f0100000,0x00000000f0100000)
  from space 11264K, 36% used [0x00000000f0100000,0x00000000f0510000,0x00000000f0c00000)
  to   space 10752K, 0% used [0x00000000f0c80000,0x00000000f0c80000,0x00000000f1700000)
 ParOldGen       total 94720K, used 74367K [0x0000000081600000, 0x0000000087280000, 0x00000000d5d00000)
  object space 94720K, 78% used [0x0000000081600000,0x0000000085e9fe98,0x0000000087280000)
 Metaspace       used 7483K, capacity 7792K, committed 7936K, reserved 1056768K
  class space    used 849K, capacity 948K, committed 1024K, reserved 1048576K
Event: 20.221 GC heap after
Heap after GC invocations=64 (full 2):
 PSYoungGen      total 440832K, used 7032K [0x00000000d5d00000, 0x00000000f1700000, 0x0000000100000000)
  eden space 430080K, 0% used [0x00000000d5d00000,0x00000000d5d00000,0x00000000f0100000)
  from space 10752K, 65% used [0x00000000f0c80000,0x00000000f135e260,0x00000000f1700000)
  to   space 11264K, 0% used [0x00000000f0100000,0x00000000f0100000,0x00000000f0c00000)
 ParOldGen       total 94720K, used 78087K [0x0000000081600000, 0x0000000087280000, 0x00000000d5d00000)
  object space 94720K, 82% used [0x0000000081600000,0x0000000086241e98,0x0000000087280000)
 Metaspace       used 7483K, capacity 7792K, committed 7936K, reserved 1056768K
  class space    used 849K, capacity 948K, committed 1024K, reserved 1048576K
}
Event: 20.574 GC heap before
{Heap before GC invocations=65 (full 2):
 PSYoungGen      total 440832K, used 437112K [0x00000000d5d00000, 0x00000000f1700000, 0x0000000100000000)
  eden space 430080K, 100% used [0x00000000d5d00000,0x00000000f0100000,0x00000000f0100000)
  from space 10752K, 65% used [0x00000000f0c80000,0x00000000f135e260,0x00000000f1700000)
  to   space 11264K, 0% used [0x00000000f0100000,0x00000000f0100000,0x00000000f0c00000)
 ParOldGen       total 94720K, used 78087K [0x0000000081600000, 0x0000000087280000, 0x00000000d5d00000)
  object space 94720K, 82% used [0x0000000081600000,0x0000000086241e98,0x0000000087280000)
 Metaspace       used 7483K, capacity 7792K, committed 7936K, reserved 1056768K
  class space    used 849K, capacity 948K, committed 1024K, reserved 1048576K
Event: 20.587 GC heap after
Heap after GC invocations=65 (full 2):
 PSYoungGen      total 441344K, used 4608K [0x00000000d5d00000, 0x00000000f1700000, 0x0000000100000000)
  eden space 430080K, 0% used [0x00000000d5d00000,0x00000000d5d00000,0x00000000f0100000)
  from space 11264K, 40% used [0x00000000f0100000,0x00000000f0580000,0x00000000f0c00000)
  to   space 10752K, 0% used [0x00000000f0c80000,0x00000000f0c80000,0x00000000f1700000)
 ParOldGen       total 94720K, used 84760K [0x0000000081600000, 0x0000000087280000, 0x00000000d5d00000)
  object space 94720K, 89% used [0x0000000081600000,0x00000000868c60f8,0x0000000087280000)
 Metaspace       used 7483K, capacity 7792K, committed 7936K, reserved 1056768K
  class space    used 849K, capacity 948K, committed 1024K, reserved 1048576K
}
Event: 20.938 GC heap before
{Heap before GC invocations=66 (full 2):
 PSYoungGen      total 441344K, used 434688K [0x00000000d5d00000, 0x00000000f1700000, 0x0000000100000000)
  eden space 430080K, 100% used [0x00000000d5d00000,0x00000000f0100000,0x00000000f0100000)
  from space 11264K, 40% used [0x00000000f0100000,0x00000000f0580000,0x00000000f0c00000)
  to   space 10752K, 0% used [0x00000000f0c80000,0x00000000f0c80000,0x00000000f1700000)
 ParOldGen       total 94720K, used 84760K [0x0000000081600000, 0x0000000087280000, 0x00000000d5d00000)
  object space 94720K, 89% used [0x0000000081600000,0x00000000868c60f8,0x0000000087280000)
 Metaspace       used 7483K, capacity 7792K, committed 7936K, reserved 1056768K
  class space    used 849K, capacity 948K, committed 1024K, reserved 1048576K
Event: 20.951 GC heap after
Heap after GC invocations=66 (full 2):
 PSYoungGen      total 440832K, used 4064K [0x00000000d5d00000, 0x00000000f1700000, 0x0000000100000000)
  eden space 430080K, 0% used [0x00000000d5d00000,0x00000000d5d00000,0x00000000f0100000)
  from space 10752K, 37% used [0x00000000f0c80000,0x00000000f1078000,0x00000000f1700000)
  to   space 11264K, 0% used [0x00000000f0100000,0x00000000f0100000,0x00000000f0c00000)
 ParOldGen       total 94720K, used 89120K [0x0000000081600000, 0x0000000087280000, 0x00000000d5d00000)
  object space 94720K, 94% used [0x0000000081600000,0x0000000086d080f8,0x0000000087280000)
 Metaspace       used 7483K, capacity 7792K, committed 7936K, reserved 1056768K
  class space    used 849K, capacity 948K, committed 1024K, reserved 1048576K
}
Event: 20.951 GC heap before
{Heap before GC invocations=67 (full 3):
 PSYoungGen      total 440832K, used 4064K [0x00000000d5d00000, 0x00000000f1700000, 0x0000000100000000)
  eden space 430080K, 0% used [0x00000000d5d00000,0x00000000d5d00000,0x00000000f0100000)
  from space 10752K, 37% used [0x00000000f0c80000,0x00000000f1078000,0x00000000f1700000)
  to   space 11264K, 0% used [0x00000000f0100000,0x00000000f0100000,0x00000000f0c00000)
 ParOldGen       total 94720K, used 89120K [0x0000000081600000, 0x0000000087280000, 0x00000000d5d00000)
  object space 94720K, 94% used [0x0000000081600000,0x0000000086d080f8,0x0000000087280000)
 Metaspace       used 7483K, capacity 7792K, committed 7936K, reserved 1056768K
  class space    used 849K, capacity 948K, committed 1024K, reserved 1048576K
Event: 21.207 GC heap after
Heap after GC invocations=67 (full 3):
 PSYoungGen      total 440832K, used 0K [0x00000000d5d00000, 0x00000000f1700000, 0x0000000100000000)
  eden space 430080K, 0% used [0x00000000d5d00000,0x00000000d5d00000,0x00000000f0100000)
  from space 10752K, 0% used [0x00000000f0c80000,0x00000000f0c80000,0x00000000f1700000)
  to   space 11264K, 0% used [0x00000000f0100000,0x00000000f0100000,0x00000000f0c00000)
 ParOldGen       total 94720K, used 53841K [0x0000000081600000, 0x0000000087280000, 0x00000000d5d00000)
  object space 94720K, 56% used [0x0000000081600000,0x0000000084a94708,0x0000000087280000)
 Metaspace       used 7483K, capacity 7792K, committed 7936K, reserved 1056768K
  class space    used 849K, capacity 948K, committed 1024K, reserved 1048576K
}
Event: 21.563 GC heap before
{Heap before GC invocations=68 (full 3):
 PSYoungGen      total 440832K, used 430080K [0x00000000d5d00000, 0x00000000f1700000, 0x0000000100000000)
  eden space 430080K, 100% used [0x00000000d5d00000,0x00000000f0100000,0x00000000f0100000)
  from space 10752K, 0% used [0x00000000f0c80000,0x00000000f0c80000,0x00000000f1700000)
  to   space 11264K, 0% used [0x00000000f0100000,0x00000000f0100000,0x00000000f0c00000)
 ParOldGen       total 94720K, used 53841K [0x0000000081600000, 0x0000000087280000, 0x00000000d5d00000)
  object space 94720K, 56% used [0x0000000081600000,0x0000000084a94708,0x0000000087280000)
 Metaspace       used 7483K, capacity 7792K, committed 7936K, reserved 1056768K
  class space    used 849K, capacity 948K, committed 1024K, reserved 1048576K
Event: 21.574 GC heap after
Heap after GC invocations=68 (full 3):
 PSYoungGen      total 441344K, used 4512K [0x00000000d5d00000, 0x00000000f1700000, 0x0000000100000000)
  eden space 430080K, 0% used [0x00000000d5d00000,0x00000000d5d00000,0x00000000f0100000)
  from space 11264K, 40% used [0x00000000f0100000,0x00000000f0568000,0x00000000f0c00000)
  to   space 10752K, 0% used [0x00000000f0c80000,0x00000000f0c80000,0x00000000f1700000)
 ParOldGen       total 94720K, used 53841K [0x0000000081600000, 0x0000000087280000, 0x00000000d5d00000)
  object space 94720K, 56% used [0x0000000081600000,0x0000000084a94708,0x0000000087280000)
 Metaspace       used 7483K, capacity 7792K, committed 7936K, reserved 1056768K
  class space    used 849K, capacity 948K, committed 1024K, reserved 1048576K
}

Deoptimization events (10 events):
Event: 7.261 Thread 0x0000000002e1b000 Uncommon trap: reason=unstable_if action=reinterpret pc=0x0000000003792800 method=sun.misc.FloatingDecimal$BinaryToASCIIBuffer.estimateDecExp(JI)I @ 117
Event: 7.406 Thread 0x0000000002e1b000 Uncommon trap: reason=unstable_if action=reinterpret pc=0x00000000037b9738 method=org.jfree.data.xy.XYSeries.minIgnoreNaN(DD)D @ 13
Event: 7.406 Thread 0x0000000002e1b000 Uncommon trap: reason=unstable_if action=reinterpret pc=0x000000000375a90c method=sun.misc.FloatingDecimal.getBinaryToASCIIConverter(DZ)Lsun/misc/FloatingDecimal$BinaryToASCIIConverter; @ 45
Event: 7.406 Thread 0x0000000002e1b000 Uncommon trap: reason=unstable_if action=reinterpret pc=0x0000000003748b5c method=sun.misc.FloatingDecimal.getBinaryToASCIIConverter(DZ)Lsun/misc/FloatingDecimal$BinaryToASCIIConverter; @ 45
Event: 7.407 Thread 0x0000000002e1b000 Uncommon trap: reason=unstable_if action=reinterpret pc=0x00000000037b24b8 method=org.jfree.data.xy.XYSeries.minIgnoreNaN(DD)D @ 13
Event: 9.970 Thread 0x0000000002e1b000 Uncommon trap: reason=unstable_if action=reinterpret pc=0x00000000034b16d8 method=sun.misc.FloatingDecimal$ASCIIToBinaryBuffer.doubleValue()D @ 527
Event: 9.970 Thread 0x0000000002e1b000 Uncommon trap: reason=unstable_if action=reinterpret pc=0x000000000369b2fc method=java.lang.Long.numberOfTrailingZeros(J)I @ 17
Event: 11.054 Thread 0x0000000002e1b000 Uncommon trap: reason=predicate action=maybe_recompile pc=0x00000000037dee0c method=java.util.ArrayList.indexOf(Ljava/lang/Object;)I @ 44
Event: 12.568 Thread 0x0000000002e1b000 Uncommon trap: reason=unstable_if action=reinterpret pc=0x00000000037ee1b0 method=sun.misc.FloatingDecimal$BinaryToASCIIBuffer.dtoa(IJIZ)V @ 82
Event: 12.780 Thread 0x0000000002e1b000 Uncommon trap: reason=unstable_if action=reinterpret pc=0x000000000381dd28 method=sun.misc.FloatingDecimal$BinaryToASCIIBuffer.dtoa(IJIZ)V @ 145

Classes redefined (0 events):
No events

Internal exceptions (10 events):
Event: 2.629 Thread 0x0000000002e1b000 Exception <a 'java/lang/NoSuchMethodError': <clinit>> (0x00000000d7d40878) thrown at [C:\re\workspace\8-2-build-windows-amd64-cygwin\jdk8u211\12973\hotspot\src\share\vm\prims\jni.cpp, line 1614]
Event: 2.629 Thread 0x0000000002e1b000 Exception <a 'java/lang/NoSuchMethodError': <clinit>> (0x00000000d7d443b8) thrown at [C:\re\workspace\8-2-build-windows-amd64-cygwin\jdk8u211\12973\hotspot\src\share\vm\prims\jni.cpp, line 1614]
Event: 2.629 Thread 0x0000000002e1b000 Exception <a 'java/lang/NoSuchMethodError': <clinit>> (0x00000000d7d47e20) thrown at [C:\re\workspace\8-2-build-windows-amd64-cygwin\jdk8u211\12973\hotspot\src\share\vm\prims\jni.cpp, line 1614]
Event: 2.629 Thread 0x0000000002e1b000 Exception <a 'java/lang/NoSuchMethodError': <clinit>> (0x00000000d7d4c110) thrown at [C:\re\workspace\8-2-build-windows-amd64-cygwin\jdk8u211\12973\hotspot\src\share\vm\prims\jni.cpp, line 1614]
Event: 2.638 Thread 0x0000000002e1b000 Exception <a 'java/lang/NoSuchMethodError': <clinit>> (0x00000000d7e18a50) thrown at [C:\re\workspace\8-2-build-windows-amd64-cygwin\jdk8u211\12973\hotspot\src\share\vm\prims\jni.cpp, line 1614]
Event: 2.638 Thread 0x0000000002e1b000 Exception <a 'java/lang/NoSuchMethodError': <clinit>> (0x00000000d7e1d6a0) thrown at [C:\re\workspace\8-2-build-windows-amd64-cygwin\jdk8u211\12973\hotspot\src\share\vm\prims\jni.cpp, line 1614]
Event: 2.639 Thread 0x0000000002e1b000 Exception <a 'java/lang/NoSuchMethodError': <clinit>> (0x00000000d7e2e780) thrown at [C:\re\workspace\8-2-build-windows-amd64-cygwin\jdk8u211\12973\hotspot\src\share\vm\prims\jni.cpp, line 1614]
Event: 2.653 Thread 0x0000000002e1b000 Exception <a 'java/lang/NoSuchMethodError': <clinit>> (0x00000000d8074620) thrown at [C:\re\workspace\8-2-build-windows-amd64-cygwin\jdk8u211\12973\hotspot\src\share\vm\prims\jni.cpp, line 1614]
Event: 2.654 Thread 0x0000000002e1b000 Exception <a 'java/lang/NoSuchMethodError': <clinit>> (0x00000000d8083e48) thrown at [C:\re\workspace\8-2-build-windows-amd64-cygwin\jdk8u211\12973\hotspot\src\share\vm\prims\jni.cpp, line 1614]
Event: 2.654 Thread 0x0000000002e1b000 Exception <a 'java/lang/NoSuchMethodError': <clinit>> (0x00000000d80932d8) thrown at [C:\re\workspace\8-2-build-windows-amd64-cygwin\jdk8u211\12973\hotspot\src\share\vm\prims\jni.cpp, line 1614]

Events (10 events):
Event: 19.851 Executing VM operation: ParallelGCFailedAllocation
Event: 19.863 Executing VM operation: ParallelGCFailedAllocation done
Event: 20.209 Executing VM operation: ParallelGCFailedAllocation
Event: 20.221 Executing VM operation: ParallelGCFailedAllocation done
Event: 20.574 Executing VM operation: ParallelGCFailedAllocation
Event: 20.587 Executing VM operation: ParallelGCFailedAllocation done
Event: 20.938 Executing VM operation: ParallelGCFailedAllocation
Event: 21.207 Executing VM operation: ParallelGCFailedAllocation done
Event: 21.563 Executing VM operation: ParallelGCFailedAllocation
Event: 21.574 Executing VM operation: ParallelGCFailedAllocation done


Dynamic libraries:
0x00007ff6434b0000 - 0x00007ff6434e7000 	C:\Program Files\Java\jre1.8.0_211\bin\javaw.exe
0x00007fff013e0000 - 0x00007fff015d0000 	C:\WINDOWS\SYSTEM32\ntdll.dll
0x00007fff00f40000 - 0x00007fff00ff2000 	C:\WINDOWS\System32\KERNEL32.DLL
0x00007ffefe3c0000 - 0x00007ffefe664000 	C:\WINDOWS\System32\KERNELBASE.dll
0x00007ffeffa60000 - 0x00007ffeffb03000 	C:\WINDOWS\System32\ADVAPI32.dll
0x00007ffeffb30000 - 0x00007ffeffbce000 	C:\WINDOWS\System32\msvcrt.dll
0x00007fff01300000 - 0x00007fff01397000 	C:\WINDOWS\System32\sechost.dll
0x00007fff00970000 - 0x00007fff00a90000 	C:\WINDOWS\System32\RPCRT4.dll
0x00007ffeff490000 - 0x00007ffeff624000 	C:\WINDOWS\System32\USER32.dll
0x00007ffeff460000 - 0x00007ffeff481000 	C:\WINDOWS\System32\win32u.dll
0x00007fff01200000 - 0x00007fff01226000 	C:\WINDOWS\System32\GDI32.dll
0x00007ffefe670000 - 0x00007ffefe804000 	C:\WINDOWS\System32\gdi32full.dll
0x00007ffefec40000 - 0x00007ffefecde000 	C:\WINDOWS\System32\msvcp_win.dll
0x00007ffefe970000 - 0x00007ffefea6a000 	C:\WINDOWS\System32\ucrtbase.dll
0x00007ffee57e0000 - 0x00007ffee5a64000 	C:\WINDOWS\WinSxS\amd64_microsoft.windows.common-controls_6595b64144ccf1df_6.0.18362.815_none_e6c3b941130ffef4\COMCTL32.dll
0x00007fff00ae0000 - 0x00007fff00e16000 	C:\WINDOWS\System32\combase.dll
0x00007ffefe840000 - 0x00007ffefe8c0000 	C:\WINDOWS\System32\bcryptPrimitives.dll
0x00007fff00ab0000 - 0x00007fff00ade000 	C:\WINDOWS\System32\IMM32.DLL
0x000000005c090000 - 0x000000005c162000 	C:\Program Files\Java\jre1.8.0_211\bin\msvcr100.dll
0x000000005b7e0000 - 0x000000005c085000 	C:\Program Files\Java\jre1.8.0_211\bin\server\jvm.dll
0x00007ffeffb20000 - 0x00007ffeffb28000 	C:\WINDOWS\System32\PSAPI.DLL
0x00007ffefc140000 - 0x00007ffefc164000 	C:\WINDOWS\SYSTEM32\WINMM.dll
0x00007ffef45a0000 - 0x00007ffef45aa000 	C:\WINDOWS\SYSTEM32\VERSION.dll
0x00007ffefc210000 - 0x00007ffefc219000 	C:\WINDOWS\SYSTEM32\WSOCK32.dll
0x00007fff00e20000 - 0x00007fff00e8f000 	C:\WINDOWS\System32\WS2_32.dll
0x00007ffefc000000 - 0x00007ffefc02d000 	C:\WINDOWS\SYSTEM32\winmmbase.dll
0x00007ffefe370000 - 0x00007ffefe3ba000 	C:\WINDOWS\System32\cfgmgr32.dll
0x00007ffefa5b0000 - 0x00007ffefa5bf000 	C:\Program Files\Java\jre1.8.0_211\bin\verify.dll
0x00007ffef9290000 - 0x00007ffef92b9000 	C:\Program Files\Java\jre1.8.0_211\bin\java.dll
0x00007ffef7b20000 - 0x00007ffef7b43000 	C:\Program Files\Java\jre1.8.0_211\bin\instrument.dll
0x00007ffef8660000 - 0x00007ffef8676000 	C:\Program Files\Java\jre1.8.0_211\bin\zip.dll
0x00007ffeffbd0000 - 0x00007fff002b4000 	C:\WINDOWS\System32\SHELL32.dll
0x00007ffeff7e0000 - 0x00007ffeff889000 	C:\WINDOWS\System32\shcore.dll
0x00007ffefece0000 - 0x00007ffeff45d000 	C:\WINDOWS\System32\windows.storage.dll
0x00007ffefe2d0000 - 0x00007ffefe2f3000 	C:\WINDOWS\System32\profapi.dll
0x00007ffefe320000 - 0x00007ffefe36a000 	C:\WINDOWS\System32\powrprof.dll
0x00007ffefe2a0000 - 0x00007ffefe2b0000 	C:\WINDOWS\System32\UMPDC.dll
0x00007fff011a0000 - 0x00007fff011f2000 	C:\WINDOWS\System32\shlwapi.dll
0x00007ffefe300000 - 0x00007ffefe311000 	C:\WINDOWS\System32\kernel.appcore.dll
0x00007ffefead0000 - 0x00007ffefeae7000 	C:\WINDOWS\System32\cryptsp.dll

VM Arguments:
jvm_args: -javaagent:C:\Users\Ehsan\.m2\repository\com\github\fracpete\sizeofag\1.0.4\sizeofag-1.0.4.jar -Dfile.encoding=UTF-8 
java_command: ehaminian.gmail.com.stream1.Prequential
java_class_path (initial): C:\Users\Ehsan\Desktop\conference\javaworkspace\stream1\target\classes;C:\Program Files\Java\jdk1.8.0_181\lib\tools.jar;C:\Users\Ehsan\.m2\repository\nz\ac\waikato\cms\moa\moa\2019.05.0\moa-2019.05.0.jar;C:\Users\Ehsan\.m2\repository\nz\ac\waikato\cms\weka\weka-dev\3.9.2\weka-dev-3.9.2.jar;C:\Users\Ehsan\.m2\repository\nz\ac\waikato\cms\weka\thirdparty\java-cup-11b\2015.03.26\java-cup-11b-2015.03.26.jar;C:\Users\Ehsan\.m2\repository\nz\ac\waikato\cms\weka\thirdparty\java-cup-11b-runtime\2015.03.26\java-cup-11b-runtime-2015.03.26.jar;C:\Users\Ehsan\.m2\repository\nz\ac\waikato\cms\weka\thirdparty\bounce\0.18\bounce-0.18.jar;C:\Users\Ehsan\.m2\repository\com\googlecode\matrix-toolkits-java\mtj\1.0.4\mtj-1.0.4.jar;C:\Users\Ehsan\.m2\repository\com\github\fommil\netlib\netlib-native_ref-osx-x86_64\1.1\netlib-native_ref-osx-x86_64-1.1-natives.jar;C:\Users\Ehsan\.m2\repository\com\github\fommil\netlib\native_ref-java\1.1\native_ref-java-1.1.jar;C:\Users\Ehsan\.m2\repository\com\github\fommil\jniloader\1.1\jniloader-1.1.jar;C:\Users\Ehsan\.m2\repository\com\github\fommil\netlib\netlib-native_ref-linux-x86_64\1.1\netlib-native_ref-linux-x86_64-1.1-natives.jar;C:\Users\Ehsan\.m2\repository\com\github\fommil\netlib\netlib-native_ref-linux-i686\1.1\netlib-native_ref-linux-i686-1.1-natives.jar;C:\Users\Ehsan\.m2\repository\com\github\fommil\netlib\netlib-native_ref-win-x86_64\1.1\netlib-native_ref-win-x86_64-1.1-natives.jar;C:\Users\Ehsan\.m2\repository\com\github\fommil\netlib\netlib-native_ref-win-i686\1.1\netlib-native_ref-win-i686-1.1-natives.jar;C:\Users\Ehsan\.m2\repository\com\github\fommil\netlib\netlib-native_ref-linux-armhf\1.1\netlib-native_ref-linux-armhf-1.1-natives.jar;C:\Users\Ehsan\.m2\repository\com\github\fommil\netlib\netlib-native_system-osx-x86_64\1.1\netlib-native_system-osx-x86_64-1.1-natives.jar;C:\Users\Ehsan\.m2\repository\com\github\fommil\netlib\native_system-java\1.1\native_system-java-1.1.jar;C:\Users\Ehsan\.m2\reposito
Launcher Type: SUN_STANDARD

Environment Variables:
JAVA_HOME=C:\Program Files\Java\jdk1.8.0_181\bin
PATH=C:/Program Files/Java/jre1.8.0_211/bin/server;C:/Program Files/Java/jre1.8.0_211/bin;C:/Program Files/Java/jre1.8.0_211/lib/amd64;C:\Rtools\bin;c:\Program Files (x86)\Intel\iCLS Client\;c:\Program Files\Intel\iCLS Client\;C:\Program Files (x86)\Common Files\Oracle\Java\javapath;C:\ProgramData\Oracle\Java\javapath;C:\Windows\system32;C:\Windows;C:\Windows\System32\Wbem;C:\Windows\System32\WindowsPowerShell\v1.0\;C:\Windows\System32\OpenSSH\;C:\Users\Ehsan\.dnx\bin;C:\Program Files\Microsoft DNX\Dnvm\;C:\Program Files\Microsoft SQL Server\120\Tools\Binn\;C:\Program Files\Microsoft SQL Server\130\Tools\Binn\;C:\Program Files\Intel\Intel(R) Management Engine Components\DAL;C:\Program Files\Intel\Intel(R) Management Engine Components\IPT;C:\Program Files (x86)\Intel\Intel(R) Management Engine Components\DAL;C:\Program Files (x86)\Intel\Intel(R) Management Engine Components\IPT;C:\Program Files (x86)\NVIDIA Corporation\PhysX\Common;C:\Program Files\Java\jdk1.8.0_181\bin;C:\Program Files\Git\cmd;C:\WINDOWS\system32;C:\WINDOWS;C:\WINDOWS\System32\Wbem;C:\WINDOWS\System32\WindowsPowerShell\v1.0\;C:\WINDOWS\System32\OpenSSH\;c:\php7;C:\ProgramData\chocolatey\bin;C:\Program Files (x86)\Yarn\bin\;C:\Program Files\nodejs\;C:\Program Files\MiKTeX 2.9\miktex\bin\x64\;C:\Users\Ehsan\AppData\Local\Programs\Python\Python37-32\Scripts;C:\Users\Ehsan\AppData\Local\Microsoft\WindowsApps;C:\Program Files\Java\jdk1.8.0_181\bin;C:\Program Files\R\R-3.5.1\bin\x64;C:\Users\Ehsan\AppData\Local\Programs\Microsoft VS Code\bin;C:\Users\Ehsan\AppData\Local\Yarn\bin;C:\Users\Ehsan\AppData\Roaming\npm;C:\Users\Ehsan\AppData\Local\Programs\Python\Python37-32\Scripts;;C:\Program Files\JetBrains\PyCharm Community Edition 2019.2.5\bin;;C:\WINDOWS\system32;
USERNAME=Ehsan
OS=Windows_NT
PROCESSOR_IDENTIFIER=Intel64 Family 6 Model 69 Stepping 1, GenuineIntel



---------------  S Y S T E M  ---------------

OS: Windows 10.0 , 64 bit Build 18362 (10.0.18362.778)

CPU:total 4 (initial active 4) (2 cores per cpu, 2 threads per core) family 6 model 69 stepping 1, cmov, cx8, fxsr, mmx, sse, sse2, sse3, ssse3, sse4.1, sse4.2, popcnt, avx, avx2, aes, clmul, erms, lzcnt, ht, tsc, tscinvbit, bmi1, bmi2

Memory: 4k page, physical 8294408k(1156340k free), swap 33460232k(5132k free)

vm_info: Java HotSpot(TM) 64-Bit Server VM (25.211-b12) for windows-amd64 JRE (1.8.0_211-b12), built on Apr  1 2019 20:53:26 by "java_re" with MS VC++ 10.0 (VS2010)

time: Thu May 14 21:45:47 2020
timezone: GMT Daylight Time
elapsed time: 21 seconds (0d 0h 0m 21s)

