#
# There is insufficient memory for the Java Runtime Environment to continue.
# Native memory allocation (malloc) failed to allocate 32744 bytes for ChunkPool::allocate
# Possible reasons:
#   The system is out of physical RAM or swap space
#   The process is running with CompressedOops enabled, and the Java Heap may be blocking the growth of the native heap
# Possible solutions:
#   Reduce memory load on the system
#   Increase physical memory or swap space
#   Check if swap backing store is full
#   Decrease Java heap size (-Xmx/-Xms)
#   Decrease number of Java threads
#   Decrease Java thread stack sizes (-Xss)
#   Set larger code cache with -XX:ReservedCodeCacheSize=
#   JVM is running with Unscaled Compressed Oops mode in which the Java heap is
#     placed in the first 4GB address space. The Java Heap base address is the
#     maximum limit for the native heap growth. Please use -XX:HeapBaseMinAddress
#     to set the Java Heap base and to place the Java Heap above 4GB virtual address.
# This output file may be truncated or incomplete.
#
#  Out of Memory Error (allocation.cpp:272), pid=5172, tid=0x00000000000027b8
#
# JRE version: Java(TM) SE Runtime Environment (8.0_211-b12) (build 1.8.0_211-b12)
# Java VM: Java HotSpot(TM) 64-Bit Server VM (25.211-b12 mixed mode windows-amd64 compressed oops)
# Failed to write core dump. Minidumps are not enabled by default on client versions of Windows
#

---------------  T H R E A D  ---------------

Current thread (0x0000000018f97000):  JavaThread "C2 CompilerThread0" daemon [_thread_in_native, id=10168, stack(0x0000000019250000,0x0000000019350000)]

Stack: [0x0000000019250000,0x0000000019350000]
[error occurred during error reporting (printing stack bounds), id 0xc0000005]

Native frames: (J=compiled Java code, j=interpreted, Vv=VM code, C=native code)


Current CompileTask:
C2:   7168 1558 %     4       ehaminian.gmail.com.stream1.Prequential::main @ 947 (1400 bytes)


---------------  P R O C E S S  ---------------

Java Threads: ( => current thread )
  0x0000000019011000 JavaThread "Service Thread" daemon [_thread_blocked, id=16372, stack(0x0000000019550000,0x0000000019650000)]
  0x0000000018fa8800 JavaThread "C1 CompilerThread2" daemon [_thread_blocked, id=16936, stack(0x0000000019450000,0x0000000019550000)]
  0x0000000018fa4000 JavaThread "C2 CompilerThread1" daemon [_thread_blocked, id=2836, stack(0x0000000019350000,0x0000000019450000)]
=>0x0000000018f97000 JavaThread "C2 CompilerThread0" daemon [_thread_in_native, id=10168, stack(0x0000000019250000,0x0000000019350000)]
  0x000000001780a800 JavaThread "Attach Listener" daemon [_thread_blocked, id=15764, stack(0x0000000018d50000,0x0000000018e50000)]
  0x0000000017809000 JavaThread "Signal Dispatcher" daemon [_thread_blocked, id=13896, stack(0x0000000018c50000,0x0000000018d50000)]
  0x00000000177ef800 JavaThread "Finalizer" daemon [_thread_blocked, id=17064, stack(0x0000000018a50000,0x0000000018b50000)]
  0x00000000177c9000 JavaThread "Reference Handler" daemon [_thread_blocked, id=6608, stack(0x0000000018950000,0x0000000018a50000)]
  0x00000000029ab000 JavaThread "main" [_thread_in_Java, id=13176, stack(0x00000000028a0000,0x00000000029a0000)]

Other Threads:
  0x00000000177c7800 VMThread [stack: 0x0000000018850000,0x0000000018950000] [id=15672]
  0x0000000019072000 WatcherThread [stack: 0x0000000019650000,0x0000000019750000] [id=11900]

VM state:not at safepoint (normal execution)

VM Mutex/Monitor currently owned by a thread: None

heap address: 0x0000000081600000, size: 2026 MB, Compressed Oops mode: 32-bit
Narrow klass base: 0x0000000000000000, Narrow klass shift: 3
Compressed class space size: 1073741824 Address: 0x0000000100000000

Heap:
 PSYoungGen      total 280064K, used 259018K [0x00000000d5d00000, 0x00000000e8100000, 0x0000000100000000)
  eden space 261120K, 91% used [0x00000000d5d00000,0x00000000e47779d0,0x00000000e5c00000)
  from space 18944K, 99% used [0x00000000e5c00000,0x00000000e6e7b168,0x00000000e6e80000)
  to   space 17920K, 0% used [0x00000000e6f80000,0x00000000e6f80000,0x00000000e8100000)
 ParOldGen       total 87552K, used 33526K [0x0000000081600000, 0x0000000086b80000, 0x00000000d5d00000)
  object space 87552K, 38% used [0x0000000081600000,0x00000000836bdb98,0x0000000086b80000)
 Metaspace       used 9430K, capacity 9766K, committed 9984K, reserved 1058816K
  class space    used 1115K, capacity 1221K, committed 1280K, reserved 1048576K

Card table byte_map: [0x0000000012060000,0x0000000012460000] byte_map_base: 0x0000000011c55000

Marking Bits: (ParMarkBitMap*) 0x000000005c005ce0
 Begin Bits: [0x0000000012b10000, 0x0000000014ab8000)
 End Bits:   [0x0000000014ab8000, 0x0000000016a60000)

Polling page: 0x00000000005f0000

CodeCache: size=245760Kb used=6831Kb max_used=6843Kb free=238928Kb
 bounds [0x0000000002ca0000, 0x0000000003360000, 0x0000000011ca0000]
 total_blobs=1887 nmethods=1581 adapters=219
 compilation: enabled

Compilation events (10 events):
Event: 6.774 Thread 0x0000000018fa4000 1587   !   4       java.io.ObjectInputStream::readObject (130 bytes)
Event: 6.778 Thread 0x0000000018fa8800 1589   !   3       sun.reflect.GeneratedSerializationConstructorAccessor17::newInstance (49 bytes)
Event: 6.779 Thread 0x0000000018fa8800 nmethod 1589 0x000000000334fed0 code [0x0000000003350080, 0x00000000033504c8]
Event: 6.789 Thread 0x0000000018fa4000 nmethod 1587 0x00000000033528d0 code [0x0000000003352aa0, 0x0000000003353510]
Event: 6.789 Thread 0x0000000018fa4000 1591       4       java.io.ObjectInputStream$HandleTable::finish (111 bytes)
Event: 6.794 Thread 0x0000000018fa4000 nmethod 1591 0x000000000334e0d0 code [0x000000000334e220, 0x000000000334e478]
Event: 6.794 Thread 0x0000000018fa4000 1588       4       java.io.ObjectInputStream$BlockDataInputStream::readInt (73 bytes)
Event: 6.803 Thread 0x0000000018fa4000 nmethod 1588 0x0000000003353ed0 code [0x0000000003354060, 0x0000000003354558]
Event: 6.803 Thread 0x0000000018fa4000 1590       4       java.util.Arrays::copyOf (19 bytes)
Event: 6.805 Thread 0x0000000018fa4000 nmethod 1590 0x000000000334e590 code [0x000000000334e6e0, 0x000000000334e8d8]

GC Heap History (10 events):
Event: 2.592 GC heap before
{Heap before GC invocations=7 (full 0):
 PSYoungGen      total 141312K, used 141289K [0x00000000d5d00000, 0x00000000df900000, 0x0000000100000000)
  eden space 130560K, 100% used [0x00000000d5d00000,0x00000000ddc80000,0x00000000ddc80000)
  from space 10752K, 99% used [0x00000000de980000,0x00000000df3fa6b0,0x00000000df400000)
  to   space 13312K, 0% used [0x00000000ddc80000,0x00000000ddc80000,0x00000000de980000)
 ParOldGen       total 87552K, used 6936K [0x0000000081600000, 0x0000000086b80000, 0x00000000d5d00000)
  object space 87552K, 7% used [0x0000000081600000,0x0000000081cc60a8,0x0000000086b80000)
 Metaspace       used 7255K, capacity 7534K, committed 7680K, reserved 1056768K
  class space    used 836K, capacity 929K, committed 1024K, reserved 1048576K
Event: 2.628 GC heap after
Heap after GC invocations=7 (full 0):
 PSYoungGen      total 143872K, used 13304K [0x00000000d5d00000, 0x00000000e8300000, 0x0000000100000000)
  eden space 130560K, 0% used [0x00000000d5d00000,0x00000000d5d00000,0x00000000ddc80000)
  from space 13312K, 99% used [0x00000000ddc80000,0x00000000de97e218,0x00000000de980000)
  to   space 19968K, 0% used [0x00000000e6f80000,0x00000000e6f80000,0x00000000e8300000)
 ParOldGen       total 87552K, used 15134K [0x0000000081600000, 0x0000000086b80000, 0x00000000d5d00000)
  object space 87552K, 17% used [0x0000000081600000,0x00000000824c7af8,0x0000000086b80000)
 Metaspace       used 7255K, capacity 7534K, committed 7680K, reserved 1056768K
  class space    used 836K, capacity 929K, committed 1024K, reserved 1048576K
}
Event: 3.403 GC heap before
{Heap before GC invocations=8 (full 0):
 PSYoungGen      total 143872K, used 143864K [0x00000000d5d00000, 0x00000000e8300000, 0x0000000100000000)
  eden space 130560K, 100% used [0x00000000d5d00000,0x00000000ddc80000,0x00000000ddc80000)
  from space 13312K, 99% used [0x00000000ddc80000,0x00000000de97e218,0x00000000de980000)
  to   space 19968K, 0% used [0x00000000e6f80000,0x00000000e6f80000,0x00000000e8300000)
 ParOldGen       total 87552K, used 15134K [0x0000000081600000, 0x0000000086b80000, 0x00000000d5d00000)
  object space 87552K, 17% used [0x0000000081600000,0x00000000824c7af8,0x0000000086b80000)
 Metaspace       used 9372K, capacity 9690K, committed 9984K, reserved 1058816K
  class space    used 1113K, capacity 1219K, committed 1280K, reserved 1048576K
Event: 3.411 GC heap after
Heap after GC invocations=8 (full 0):
 PSYoungGen      total 279040K, used 6249K [0x00000000d5d00000, 0x00000000e8100000, 0x0000000100000000)
  eden space 261120K, 0% used [0x00000000d5d00000,0x00000000d5d00000,0x00000000e5c00000)
  from space 17920K, 34% used [0x00000000e6f80000,0x00000000e759a768,0x00000000e8100000)
  to   space 18944K, 0% used [0x00000000e5c00000,0x00000000e5c00000,0x00000000e6e80000)
 ParOldGen       total 87552K, used 15574K [0x0000000081600000, 0x0000000086b80000, 0x00000000d5d00000)
  object space 87552K, 17% used [0x0000000081600000,0x0000000082535af8,0x0000000086b80000)
 Metaspace       used 9372K, capacity 9690K, committed 9984K, reserved 1058816K
  class space    used 1113K, capacity 1219K, committed 1280K, reserved 1048576K
}
Event: 4.244 GC heap before
{Heap before GC invocations=9 (full 0):
 PSYoungGen      total 279040K, used 267369K [0x00000000d5d00000, 0x00000000e8100000, 0x0000000100000000)
  eden space 261120K, 100% used [0x00000000d5d00000,0x00000000e5c00000,0x00000000e5c00000)
  from space 17920K, 34% used [0x00000000e6f80000,0x00000000e759a768,0x00000000e8100000)
  to   space 18944K, 0% used [0x00000000e5c00000,0x00000000e5c00000,0x00000000e6e80000)
 ParOldGen       total 87552K, used 15574K [0x0000000081600000, 0x0000000086b80000, 0x00000000d5d00000)
  object space 87552K, 17% used [0x0000000081600000,0x0000000082535af8,0x0000000086b80000)
 Metaspace       used 9385K, capacity 9702K, committed 9984K, reserved 1058816K
  class space    used 1115K, capacity 1221K, committed 1280K, reserved 1048576K
Event: 4.276 GC heap after
Heap after GC invocations=9 (full 0):
 PSYoungGen      total 280064K, used 18920K [0x00000000d5d00000, 0x00000000e8100000, 0x0000000100000000)
  eden space 261120K, 0% used [0x00000000d5d00000,0x00000000d5d00000,0x00000000e5c00000)
  from space 18944K, 99% used [0x00000000e5c00000,0x00000000e6e7a130,0x00000000e6e80000)
  to   space 17920K, 0% used [0x00000000e6f80000,0x00000000e6f80000,0x00000000e8100000)
 ParOldGen       total 87552K, used 21222K [0x0000000081600000, 0x0000000086b80000, 0x00000000d5d00000)
  object space 87552K, 24% used [0x0000000081600000,0x0000000082ab9af8,0x0000000086b80000)
 Metaspace       used 9385K, capacity 9702K, committed 9984K, reserved 1058816K
  class space    used 1115K, capacity 1221K, committed 1280K, reserved 1048576K
}
Event: 5.383 GC heap before
{Heap before GC invocations=10 (full 0):
 PSYoungGen      total 280064K, used 280040K [0x00000000d5d00000, 0x00000000e8100000, 0x0000000100000000)
  eden space 261120K, 100% used [0x00000000d5d00000,0x00000000e5c00000,0x00000000e5c00000)
  from space 18944K, 99% used [0x00000000e5c00000,0x00000000e6e7a130,0x00000000e6e80000)
  to   space 17920K, 0% used [0x00000000e6f80000,0x00000000e6f80000,0x00000000e8100000)
 ParOldGen       total 87552K, used 21222K [0x0000000081600000, 0x0000000086b80000, 0x00000000d5d00000)
  object space 87552K, 24% used [0x0000000081600000,0x0000000082ab9af8,0x0000000086b80000)
 Metaspace       used 9417K, capacity 9766K, committed 9984K, reserved 1058816K
  class space    used 1115K, capacity 1221K, committed 1280K, reserved 1048576K
Event: 5.393 GC heap after
Heap after GC invocations=10 (full 0):
 PSYoungGen      total 279040K, used 6357K [0x00000000d5d00000, 0x00000000e8100000, 0x0000000100000000)
  eden space 261120K, 0% used [0x00000000d5d00000,0x00000000d5d00000,0x00000000e5c00000)
  from space 17920K, 35% used [0x00000000e6f80000,0x00000000e75b5798,0x00000000e8100000)
  to   space 18944K, 0% used [0x00000000e5c00000,0x00000000e5c00000,0x00000000e6e80000)
 ParOldGen       total 87552K, used 24486K [0x0000000081600000, 0x0000000086b80000, 0x00000000d5d00000)
  object space 87552K, 27% used [0x0000000081600000,0x0000000082de9b68,0x0000000086b80000)
 Metaspace       used 9417K, capacity 9766K, committed 9984K, reserved 1058816K
  class space    used 1115K, capacity 1221K, committed 1280K, reserved 1048576K
}
Event: 6.190 GC heap before
{Heap before GC invocations=11 (full 0):
 PSYoungGen      total 279040K, used 267477K [0x00000000d5d00000, 0x00000000e8100000, 0x0000000100000000)
  eden space 261120K, 100% used [0x00000000d5d00000,0x00000000e5c00000,0x00000000e5c00000)
  from space 17920K, 35% used [0x00000000e6f80000,0x00000000e75b5798,0x00000000e8100000)
  to   space 18944K, 0% used [0x00000000e5c00000,0x00000000e5c00000,0x00000000e6e80000)
 ParOldGen       total 87552K, used 24486K [0x0000000081600000, 0x0000000086b80000, 0x00000000d5d00000)
  object space 87552K, 27% used [0x0000000081600000,0x0000000082de9b68,0x0000000086b80000)
 Metaspace       used 9417K, capacity 9766K, committed 9984K, reserved 1058816K
  class space    used 1115K, capacity 1221K, committed 1280K, reserved 1048576K
Event: 6.228 GC heap after
Heap after GC invocations=11 (full 0):
 PSYoungGen      total 280064K, used 18924K [0x00000000d5d00000, 0x00000000e8100000, 0x0000000100000000)
  eden space 261120K, 0% used [0x00000000d5d00000,0x00000000d5d00000,0x00000000e5c00000)
  from space 18944K, 99% used [0x00000000e5c00000,0x00000000e6e7b168,0x00000000e6e80000)
  to   space 17920K, 0% used [0x00000000e6f80000,0x00000000e6f80000,0x00000000e8100000)
 ParOldGen       total 87552K, used 33526K [0x0000000081600000, 0x0000000086b80000, 0x00000000d5d00000)
  object space 87552K, 38% used [0x0000000081600000,0x00000000836bdb98,0x0000000086b80000)
 Metaspace       used 9417K, capacity 9766K, committed 9984K, reserved 1058816K
  class space    used 1115K, capacity 1221K, committed 1280K, reserved 1048576K
}

Deoptimization events (10 events):
Event: 3.477 Thread 0x00000000029ab000 Uncommon trap: reason=unstable_if action=reinterpret pc=0x00000000031581e0 method=org.jfree.data.xy.XYDataItem.compareTo(Ljava/lang/Object;)I @ 33
Event: 3.477 Thread 0x00000000029ab000 Uncommon trap: reason=unstable_if action=reinterpret pc=0x00000000030b5f14 method=org.jfree.data.xy.XYDataItem.compareTo(Ljava/lang/Object;)I @ 33
Event: 3.477 Thread 0x00000000029ab000 Uncommon trap: reason=unstable_if action=reinterpret pc=0x0000000003121090 method=java.lang.Math.min(DD)D @ 36
Event: 3.477 Thread 0x00000000029ab000 Uncommon trap: reason=unstable_if action=reinterpret pc=0x00000000030b05b0 method=org.jfree.data.xy.XYDataItem.compareTo(Ljava/lang/Object;)I @ 33
Event: 4.775 Thread 0x00000000029ab000 Uncommon trap: reason=unstable_if action=reinterpret pc=0x00000000031c5010 method=moa.streams.ArffFileStream.hasMoreInstances()Z @ 4
Event: 5.221 Thread 0x00000000029ab000 Uncommon trap: reason=unstable_if action=reinterpret pc=0x00000000032e3f9c method=org.jfree.data.xy.XYDataItem.compareTo(Ljava/lang/Object;)I @ 45
Event: 5.221 Thread 0x00000000029ab000 Uncommon trap: reason=unstable_if action=reinterpret pc=0x00000000032b6468 method=org.jfree.data.xy.XYDataItem.compareTo(Ljava/lang/Object;)I @ 45
Event: 5.221 Thread 0x00000000029ab000 Uncommon trap: reason=unstable_if action=reinterpret pc=0x00000000032ea5e4 method=org.jfree.data.xy.XYDataItem.compareTo(Ljava/lang/Object;)I @ 45
Event: 5.221 Thread 0x00000000029ab000 Uncommon trap: reason=unstable_if action=reinterpret pc=0x00000000032f4984 method=org.jfree.data.xy.XYDataItem.compareTo(Ljava/lang/Object;)I @ 45
Event: 5.221 Thread 0x00000000029ab000 Uncommon trap: reason=unstable_if action=reinterpret pc=0x00000000032b5da4 method=org.jfree.data.xy.XYDataItem.compareTo(Ljava/lang/Object;)I @ 45

Classes redefined (0 events):
No events

Internal exceptions (10 events):
Event: 1.227 Thread 0x00000000029ab000 Exception <a 'java/lang/NoSuchMethodError': <clinit>> (0x00000000d6cf06e0) thrown at [C:\re\workspace\8-2-build-windows-amd64-cygwin\jdk8u211\12973\hotspot\src\share\vm\prims\jni.cpp, line 1614]
Event: 1.227 Thread 0x00000000029ab000 Exception <a 'java/lang/NoSuchMethodError': <clinit>> (0x00000000d6cf72d8) thrown at [C:\re\workspace\8-2-build-windows-amd64-cygwin\jdk8u211\12973\hotspot\src\share\vm\prims\jni.cpp, line 1614]
Event: 1.227 Thread 0x00000000029ab000 Exception <a 'java/lang/NoSuchMethodError': <clinit>> (0x00000000d6cfae18) thrown at [C:\re\workspace\8-2-build-windows-amd64-cygwin\jdk8u211\12973\hotspot\src\share\vm\prims\jni.cpp, line 1614]
Event: 1.228 Thread 0x00000000029ab000 Exception <a 'java/lang/NoSuchMethodError': <clinit>> (0x00000000d6cfe880) thrown at [C:\re\workspace\8-2-build-windows-amd64-cygwin\jdk8u211\12973\hotspot\src\share\vm\prims\jni.cpp, line 1614]
Event: 1.228 Thread 0x00000000029ab000 Exception <a 'java/lang/NoSuchMethodError': <clinit>> (0x00000000d6d02b70) thrown at [C:\re\workspace\8-2-build-windows-amd64-cygwin\jdk8u211\12973\hotspot\src\share\vm\prims\jni.cpp, line 1614]
Event: 1.243 Thread 0x00000000029ab000 Exception <a 'java/lang/NoSuchMethodError': <clinit>> (0x00000000d6deaa78) thrown at [C:\re\workspace\8-2-build-windows-amd64-cygwin\jdk8u211\12973\hotspot\src\share\vm\prims\jni.cpp, line 1614]
Event: 1.245 Thread 0x00000000029ab000 Exception <a 'java/lang/NoSuchMethodError': <clinit>> (0x00000000d6e13758) thrown at [C:\re\workspace\8-2-build-windows-amd64-cygwin\jdk8u211\12973\hotspot\src\share\vm\prims\jni.cpp, line 1614]
Event: 2.767 Thread 0x00000000029ab000 Implicit null exception at 0x000000000311f18f to 0x000000000311fb89
Event: 3.124 Thread 0x00000000029ab000 Implicit null exception at 0x00000000031f40c0 to 0x00000000031f4161
Event: 3.292 Thread 0x00000000029ab000 Implicit null exception at 0x0000000002fc9fd6 to 0x0000000002fcaed9

Events (10 events):
Event: 6.692 loading class PageHinkleyDM
Event: 6.692 loading class PageHinkleyDM done
Event: 6.692 loading class OddsRatioScore
Event: 6.692 loading class OddsRatioScore done
Event: 6.695 loading class ARFFIMTDD
Event: 6.695 loading class ARFFIMTDD done
Event: 6.695 loading class ADWINChangeDetector
Event: 6.695 loading class ADWINChangeDetector done
Event: 6.696 loading class ADWINChangeDetector
Event: 6.696 loading class ADWINChangeDetector done


Dynamic libraries:
0x00007ff6434b0000 - 0x00007ff6434e7000 	C:\Program Files\Java\jre1.8.0_211\bin\javaw.exe
0x00007fff013e0000 - 0x00007fff015d0000 	C:\WINDOWS\SYSTEM32\ntdll.dll
0x00007fff00f40000 - 0x00007fff00ff2000 	C:\WINDOWS\System32\KERNEL32.DLL
0x00007ffefe3c0000 - 0x00007ffefe664000 	C:\WINDOWS\System32\KERNELBASE.dll
0x00007ffeffa60000 - 0x00007ffeffb03000 	C:\WINDOWS\System32\ADVAPI32.dll
0x00007ffeffb30000 - 0x00007ffeffbce000 	C:\WINDOWS\System32\msvcrt.dll
0x00007fff01300000 - 0x00007fff01397000 	C:\WINDOWS\System32\sechost.dll
0x00007fff00970000 - 0x00007fff00a90000 	C:\WINDOWS\System32\RPCRT4.dll
0x00007ffeff490000 - 0x00007ffeff624000 	C:\WINDOWS\System32\USER32.dll
0x00007ffeff460000 - 0x00007ffeff481000 	C:\WINDOWS\System32\win32u.dll
0x00007fff01200000 - 0x00007fff01226000 	C:\WINDOWS\System32\GDI32.dll
0x00007ffefe670000 - 0x00007ffefe804000 	C:\WINDOWS\System32\gdi32full.dll
0x00007ffefec40000 - 0x00007ffefecde000 	C:\WINDOWS\System32\msvcp_win.dll
0x00007ffefe970000 - 0x00007ffefea6a000 	C:\WINDOWS\System32\ucrtbase.dll
0x00007ffee57e0000 - 0x00007ffee5a64000 	C:\WINDOWS\WinSxS\amd64_microsoft.windows.common-controls_6595b64144ccf1df_6.0.18362.815_none_e6c3b941130ffef4\COMCTL32.dll
0x00007fff00ae0000 - 0x00007fff00e16000 	C:\WINDOWS\System32\combase.dll
0x00007ffefe840000 - 0x00007ffefe8c0000 	C:\WINDOWS\System32\bcryptPrimitives.dll
0x00007fff00ab0000 - 0x00007fff00ade000 	C:\WINDOWS\System32\IMM32.DLL
0x000000005c090000 - 0x000000005c162000 	C:\Program Files\Java\jre1.8.0_211\bin\msvcr100.dll
0x000000005b7e0000 - 0x000000005c085000 	C:\Program Files\Java\jre1.8.0_211\bin\server\jvm.dll
0x00007ffeffb20000 - 0x00007ffeffb28000 	C:\WINDOWS\System32\PSAPI.DLL
0x00007ffefc210000 - 0x00007ffefc219000 	C:\WINDOWS\SYSTEM32\WSOCK32.dll
0x00007fff00e20000 - 0x00007fff00e8f000 	C:\WINDOWS\System32\WS2_32.dll
0x00007ffefc140000 - 0x00007ffefc164000 	C:\WINDOWS\SYSTEM32\WINMM.dll
0x00007ffef45a0000 - 0x00007ffef45aa000 	C:\WINDOWS\SYSTEM32\VERSION.dll
0x00007ffefc000000 - 0x00007ffefc02d000 	C:\WINDOWS\SYSTEM32\WINMMBASE.dll
0x00007ffefe370000 - 0x00007ffefe3ba000 	C:\WINDOWS\System32\cfgmgr32.dll
0x00007ffefa5b0000 - 0x00007ffefa5bf000 	C:\Program Files\Java\jre1.8.0_211\bin\verify.dll
0x00007ffef9290000 - 0x00007ffef92b9000 	C:\Program Files\Java\jre1.8.0_211\bin\java.dll
0x00007ffef87b0000 - 0x00007ffef87d3000 	C:\Program Files\Java\jre1.8.0_211\bin\instrument.dll
0x00007ffef8660000 - 0x00007ffef8676000 	C:\Program Files\Java\jre1.8.0_211\bin\zip.dll
0x00007ffeffbd0000 - 0x00007fff002b4000 	C:\WINDOWS\System32\SHELL32.dll
0x00007ffeff7e0000 - 0x00007ffeff889000 	C:\WINDOWS\System32\shcore.dll
0x00007ffefece0000 - 0x00007ffeff45d000 	C:\WINDOWS\System32\windows.storage.dll
0x00007ffefe2d0000 - 0x00007ffefe2f3000 	C:\WINDOWS\System32\profapi.dll
0x00007ffefe320000 - 0x00007ffefe36a000 	C:\WINDOWS\System32\powrprof.dll
0x00007ffefe2a0000 - 0x00007ffefe2b0000 	C:\WINDOWS\System32\UMPDC.dll
0x00007fff011a0000 - 0x00007fff011f2000 	C:\WINDOWS\System32\shlwapi.dll
0x00007ffefe300000 - 0x00007ffefe311000 	C:\WINDOWS\System32\kernel.appcore.dll
0x00007ffefead0000 - 0x00007ffefeae7000 	C:\WINDOWS\System32\cryptsp.dll

VM Arguments:
jvm_args: -javaagent:C:\Users\Ehsan\.m2\repository\com\github\fracpete\sizeofag\1.0.4\sizeofag-1.0.4.jar -Dfile.encoding=UTF-8 
java_command: ehaminian.gmail.com.stream1.Prequential
java_class_path (initial): C:\Users\Ehsan\Desktop\conference\javaworkspace\stream1\target\classes;C:\Program Files\Java\jdk1.8.0_181\lib\tools.jar;C:\Users\Ehsan\.m2\repository\nz\ac\waikato\cms\moa\moa\2019.05.0\moa-2019.05.0.jar;C:\Users\Ehsan\.m2\repository\nz\ac\waikato\cms\weka\weka-dev\3.9.2\weka-dev-3.9.2.jar;C:\Users\Ehsan\.m2\repository\nz\ac\waikato\cms\weka\thirdparty\java-cup-11b\2015.03.26\java-cup-11b-2015.03.26.jar;C:\Users\Ehsan\.m2\repository\nz\ac\waikato\cms\weka\thirdparty\java-cup-11b-runtime\2015.03.26\java-cup-11b-runtime-2015.03.26.jar;C:\Users\Ehsan\.m2\repository\nz\ac\waikato\cms\weka\thirdparty\bounce\0.18\bounce-0.18.jar;C:\Users\Ehsan\.m2\repository\com\googlecode\matrix-toolkits-java\mtj\1.0.4\mtj-1.0.4.jar;C:\Users\Ehsan\.m2\repository\com\github\fommil\netlib\netlib-native_ref-osx-x86_64\1.1\netlib-native_ref-osx-x86_64-1.1-natives.jar;C:\Users\Ehsan\.m2\repository\com\github\fommil\netlib\native_ref-java\1.1\native_ref-java-1.1.jar;C:\Users\Ehsan\.m2\repository\com\github\fommil\jniloader\1.1\jniloader-1.1.jar;C:\Users\Ehsan\.m2\repository\com\github\fommil\netlib\netlib-native_ref-linux-x86_64\1.1\netlib-native_ref-linux-x86_64-1.1-natives.jar;C:\Users\Ehsan\.m2\repository\com\github\fommil\netlib\netlib-native_ref-linux-i686\1.1\netlib-native_ref-linux-i686-1.1-natives.jar;C:\Users\Ehsan\.m2\repository\com\github\fommil\netlib\netlib-native_ref-win-x86_64\1.1\netlib-native_ref-win-x86_64-1.1-natives.jar;C:\Users\Ehsan\.m2\repository\com\github\fommil\netlib\netlib-native_ref-win-i686\1.1\netlib-native_ref-win-i686-1.1-natives.jar;C:\Users\Ehsan\.m2\repository\com\github\fommil\netlib\netlib-native_ref-linux-armhf\1.1\netlib-native_ref-linux-armhf-1.1-natives.jar;C:\Users\Ehsan\.m2\repository\com\github\fommil\netlib\netlib-native_system-osx-x86_64\1.1\netlib-native_system-osx-x86_64-1.1-natives.jar;C:\Users\Ehsan\.m2\repository\com\github\fommil\netlib\native_system-java\1.1\native_system-java-1.1.jar;C:\Users\Ehsan\.m2\reposito
Launcher Type: SUN_STANDARD

Environment Variables:
JAVA_HOME=C:\Program Files\Java\jdk1.8.0_181\bin
PATH=C:/Program Files/Java/jre1.8.0_211/bin/server;C:/Program Files/Java/jre1.8.0_211/bin;C:/Program Files/Java/jre1.8.0_211/lib/amd64;C:\Rtools\bin;c:\Program Files (x86)\Intel\iCLS Client\;c:\Program Files\Intel\iCLS Client\;C:\Program Files (x86)\Common Files\Oracle\Java\javapath;C:\ProgramData\Oracle\Java\javapath;C:\Windows\system32;C:\Windows;C:\Windows\System32\Wbem;C:\Windows\System32\WindowsPowerShell\v1.0\;C:\Windows\System32\OpenSSH\;C:\Users\Ehsan\.dnx\bin;C:\Program Files\Microsoft DNX\Dnvm\;C:\Program Files\Microsoft SQL Server\120\Tools\Binn\;C:\Program Files\Microsoft SQL Server\130\Tools\Binn\;C:\Program Files\Intel\Intel(R) Management Engine Components\DAL;C:\Program Files\Intel\Intel(R) Management Engine Components\IPT;C:\Program Files (x86)\Intel\Intel(R) Management Engine Components\DAL;C:\Program Files (x86)\Intel\Intel(R) Management Engine Components\IPT;C:\Program Files (x86)\NVIDIA Corporation\PhysX\Common;C:\Program Files\Java\jdk1.8.0_181\bin;C:\Program Files\Git\cmd;C:\WINDOWS\system32;C:\WINDOWS;C:\WINDOWS\System32\Wbem;C:\WINDOWS\System32\WindowsPowerShell\v1.0\;C:\WINDOWS\System32\OpenSSH\;c:\php7;C:\ProgramData\chocolatey\bin;C:\Program Files (x86)\Yarn\bin\;C:\Program Files\nodejs\;C:\Program Files\MiKTeX 2.9\miktex\bin\x64\;C:\Users\Ehsan\AppData\Local\Programs\Python\Python37-32\Scripts;C:\Users\Ehsan\AppData\Local\Microsoft\WindowsApps;C:\Program Files\Java\jdk1.8.0_181\bin;C:\Program Files\R\R-3.5.1\bin\x64;C:\Users\Ehsan\AppData\Local\Programs\Microsoft VS Code\bin;C:\Users\Ehsan\AppData\Local\Yarn\bin;C:\Users\Ehsan\AppData\Roaming\npm;C:\Users\Ehsan\AppData\Local\Programs\Python\Python37-32\Scripts;;C:\Program Files\JetBrains\PyCharm Community Edition 2019.2.5\bin;;C:\WINDOWS\system32;
USERNAME=Ehsan
OS=Windows_NT
PROCESSOR_IDENTIFIER=Intel64 Family 6 Model 69 Stepping 1, GenuineIntel



---------------  S Y S T E M  ---------------

OS: Windows 10.0 , 64 bit Build 18362 (10.0.18362.778)

CPU:total 4 (initial active 4) (2 cores per cpu, 2 threads per core) family 6 model 69 stepping 1, cmov, cx8, fxsr, mmx, sse, sse2, sse3, ssse3, sse4.1, sse4.2, popcnt, avx, avx2, aes, clmul, erms, lzcnt, ht, tsc, tscinvbit, bmi1, bmi2

Memory: 4k page, physical 8294408k(2306700k free), swap 33460232k(4112k free)

vm_info: Java HotSpot(TM) 64-Bit Server VM (25.211-b12) for windows-amd64 JRE (1.8.0_211-b12), built on Apr  1 2019 20:53:26 by "java_re" with MS VC++ 10.0 (VS2010)

time: Thu May 14 23:43:54 2020
timezone: GMT Daylight Time
elapsed time: 7 seconds (0d 0h 0m 7s)

