#
# There is insufficient memory for the Java Runtime Environment to continue.
# Native memory allocation (malloc) failed to allocate 32744 bytes for ChunkPool::allocate
# Possible reasons:
#   The system is out of physical RAM or swap space
#   The process is running with CompressedOops enabled, and the Java Heap may be blocking the growth of the native heap
# Possible solutions:
#   Reduce memory load on the system
#   Increase physical memory or swap space
#   Check if swap backing store is full
#   Decrease Java heap size (-Xmx/-Xms)
#   Decrease number of Java threads
#   Decrease Java thread stack sizes (-Xss)
#   Set larger code cache with -XX:ReservedCodeCacheSize=
#   JVM is running with Unscaled Compressed Oops mode in which the Java heap is
#     placed in the first 4GB address space. The Java Heap base address is the
#     maximum limit for the native heap growth. Please use -XX:HeapBaseMinAddress
#     to set the Java Heap base and to place the Java Heap above 4GB virtual address.
# This output file may be truncated or incomplete.
#
#  Out of Memory Error (allocation.cpp:272), pid=7632, tid=0x0000000000002790
#
# JRE version: Java(TM) SE Runtime Environment (8.0_211-b12) (build 1.8.0_211-b12)
# Java VM: Java HotSpot(TM) 64-Bit Server VM (25.211-b12 mixed mode windows-amd64 compressed oops)
# Failed to write core dump. Minidumps are not enabled by default on client versions of Windows
#

---------------  T H R E A D  ---------------

Current thread (0x0000000017e3c000):  JavaThread "C2 CompilerThread1" daemon [_thread_in_native, id=10128, stack(0x0000000019940000,0x0000000019a40000)]

Stack: [0x0000000019940000,0x0000000019a40000]
[error occurred during error reporting (printing stack bounds), id 0xc0000005]

Native frames: (J=compiled Java code, j=interpreted, Vv=VM code, C=native code)


Current CompileTask:
C2:   5937  958 %     4       ehaminian.gmail.com.stream1.Prequential::main @ 242 (595 bytes)


---------------  P R O C E S S  ---------------

Java Threads: ( => current thread )
  0x0000000019609800 JavaThread "Service Thread" daemon [_thread_blocked, id=12892, stack(0x0000000019b40000,0x0000000019c40000)]
  0x00000000195d9800 JavaThread "C1 CompilerThread2" daemon [_thread_blocked, id=12136, stack(0x0000000019a40000,0x0000000019b40000)]
=>0x0000000017e3c000 JavaThread "C2 CompilerThread1" daemon [_thread_in_native, id=10128, stack(0x0000000019940000,0x0000000019a40000)]
  0x0000000019591000 JavaThread "C2 CompilerThread0" daemon [_thread_blocked, id=14648, stack(0x0000000019840000,0x0000000019940000)]
  0x0000000017dea800 JavaThread "Attach Listener" daemon [_thread_blocked, id=5312, stack(0x0000000019340000,0x0000000019440000)]
  0x0000000017de8800 JavaThread "Signal Dispatcher" daemon [_thread_blocked, id=5780, stack(0x0000000019240000,0x0000000019340000)]
  0x0000000017dcf800 JavaThread "Finalizer" daemon [_thread_blocked, id=2856, stack(0x0000000019040000,0x0000000019140000)]
  0x0000000017da9000 JavaThread "Reference Handler" daemon [_thread_blocked, id=2152, stack(0x0000000018f40000,0x0000000019040000)]
  0x0000000002fdb000 JavaThread "main" [_thread_in_Java, id=13820, stack(0x0000000002ed0000,0x0000000002fd0000)]

Other Threads:
  0x0000000017da7800 VMThread [stack: 0x0000000018e40000,0x0000000018f40000] [id=15136]
  0x00000000196ab000 WatcherThread [stack: 0x0000000019c40000,0x0000000019d40000] [id=10856]

VM state:not at safepoint (normal execution)

VM Mutex/Monitor currently owned by a thread: None

heap address: 0x0000000081600000, size: 2026 MB, Compressed Oops mode: 32-bit
Narrow klass base: 0x0000000000000000, Narrow klass shift: 3
Compressed class space size: 1073741824 Address: 0x0000000100000000

Heap:
 PSYoungGen      total 347136K, used 225454K [0x00000000d5d00000, 0x00000000f8480000, 0x0000000100000000)
  eden space 332288K, 63% used [0x00000000d5d00000,0x00000000e2c834a8,0x00000000ea180000)
  from space 14848K, 87% used [0x00000000ea180000,0x00000000eae28368,0x00000000eb000000)
  to   space 16384K, 0% used [0x00000000f7480000,0x00000000f7480000,0x00000000f8480000)
 ParOldGen       total 87552K, used 40214K [0x0000000081600000, 0x0000000086b80000, 0x00000000d5d00000)
  object space 87552K, 45% used [0x0000000081600000,0x0000000083d459d0,0x0000000086b80000)
 Metaspace       used 6580K, capacity 6768K, committed 7040K, reserved 1056768K
  class space    used 739K, capacity 820K, committed 896K, reserved 1048576K

Card table byte_map: [0x0000000012640000,0x0000000012a40000] byte_map_base: 0x0000000012235000

Marking Bits: (ParMarkBitMap*) 0x0000000058d35ce0
 Begin Bits: [0x00000000130f0000, 0x0000000015098000)
 End Bits:   [0x0000000015098000, 0x0000000017040000)

Polling page: 0x0000000000df0000

CodeCache: size=245760Kb used=4067Kb max_used=4067Kb free=241692Kb
 bounds [0x0000000003280000, 0x0000000003690000, 0x0000000012280000]
 total_blobs=1245 nmethods=957 adapters=201
 compilation: enabled

Compilation events (10 events):
Event: 4.371 Thread 0x0000000019591000 nmethod 953 0x0000000003631190 code [0x00000000036312e0, 0x00000000036313b8]
Event: 4.387 Thread 0x00000000195d9800  954       3       ehaminian.gmail.com.stream1.Prequential::main (595 bytes)
Event: 4.387 Thread 0x0000000017e3c000  955       4       java.lang.ThreadLocal::get (38 bytes)
Event: 4.387 Thread 0x0000000019591000  956       4       java.lang.ThreadLocal$ThreadLocalMap::getEntry (42 bytes)
Event: 4.389 Thread 0x0000000019591000 nmethod 956 0x000000000362c550 code [0x000000000362c6a0, 0x000000000362c798]
Event: 4.389 Thread 0x0000000019591000  957       4       sun.misc.FloatingDecimal::getBinaryToASCIIConverter (183 bytes)
Event: 4.389 Thread 0x0000000017e3c000 nmethod 955 0x000000000362c090 code [0x000000000362c1e0, 0x000000000362c318]
Event: 4.392 Thread 0x0000000019591000 nmethod 957 0x0000000003631a50 code [0x0000000003631bc0, 0x0000000003631e68]
Event: 4.397 Thread 0x00000000195d9800 nmethod 954 0x0000000003671410 code [0x0000000003672060, 0x0000000003679e68]
Event: 5.787 Thread 0x0000000017e3c000  958 %     4       ehaminian.gmail.com.stream1.Prequential::main @ 242 (595 bytes)

GC Heap History (10 events):
Event: 3.085 GC heap before
{Heap before GC invocations=9 (full 0):
 PSYoungGen      total 140288K, used 138398K [0x00000000d5d00000, 0x00000000df100000, 0x0000000100000000)
  eden space 130560K, 100% used [0x00000000d5d00000,0x00000000ddc80000,0x00000000ddc80000)
  from space 9728K, 80% used [0x00000000de680000,0x00000000dee27800,0x00000000df000000)
  to   space 10240K, 0% used [0x00000000ddc80000,0x00000000ddc80000,0x00000000de680000)
 ParOldGen       total 87552K, used 3931K [0x0000000081600000, 0x0000000086b80000, 0x00000000d5d00000)
  object space 87552K, 4% used [0x0000000081600000,0x00000000819d6f40,0x0000000086b80000)
 Metaspace       used 6555K, capacity 6768K, committed 7040K, reserved 1056768K
  class space    used 739K, capacity 820K, committed 896K, reserved 1048576K
Event: 3.104 GC heap after
Heap after GC invocations=9 (full 0):
 PSYoungGen      total 140800K, used 10209K [0x00000000d5d00000, 0x00000000e4300000, 0x0000000100000000)
  eden space 130560K, 0% used [0x00000000d5d00000,0x00000000d5d00000,0x00000000ddc80000)
  from space 10240K, 99% used [0x00000000ddc80000,0x00000000de678518,0x00000000de680000)
  to   space 13312K, 0% used [0x00000000e3600000,0x00000000e3600000,0x00000000e4300000)
 ParOldGen       total 87552K, used 6755K [0x0000000081600000, 0x0000000086b80000, 0x00000000d5d00000)
  object space 87552K, 7% used [0x0000000081600000,0x0000000081c98f40,0x0000000086b80000)
 Metaspace       used 6555K, capacity 6768K, committed 7040K, reserved 1056768K
  class space    used 739K, capacity 820K, committed 896K, reserved 1048576K
}
Event: 3.416 GC heap before
{Heap before GC invocations=10 (full 0):
 PSYoungGen      total 140800K, used 140769K [0x00000000d5d00000, 0x00000000e4300000, 0x0000000100000000)
  eden space 130560K, 100% used [0x00000000d5d00000,0x00000000ddc80000,0x00000000ddc80000)
  from space 10240K, 99% used [0x00000000ddc80000,0x00000000de678518,0x00000000de680000)
  to   space 13312K, 0% used [0x00000000e3600000,0x00000000e3600000,0x00000000e4300000)
 ParOldGen       total 87552K, used 6755K [0x0000000081600000, 0x0000000086b80000, 0x00000000d5d00000)
  object space 87552K, 7% used [0x0000000081600000,0x0000000081c98f40,0x0000000086b80000)
 Metaspace       used 6555K, capacity 6768K, committed 7040K, reserved 1056768K
  class space    used 739K, capacity 820K, committed 896K, reserved 1048576K
Event: 3.433 GC heap after
Heap after GC invocations=10 (full 0):
 PSYoungGen      total 221184K, used 11285K [0x00000000d5d00000, 0x00000000e4500000, 0x0000000100000000)
  eden space 207872K, 0% used [0x00000000d5d00000,0x00000000d5d00000,0x00000000e2800000)
  from space 13312K, 84% used [0x00000000e3600000,0x00000000e4105650,0x00000000e4300000)
  to   space 14336K, 0% used [0x00000000e2800000,0x00000000e2800000,0x00000000e3600000)
 ParOldGen       total 87552K, used 11139K [0x0000000081600000, 0x0000000086b80000, 0x00000000d5d00000)
  object space 87552K, 12% used [0x0000000081600000,0x00000000820e0f40,0x0000000086b80000)
 Metaspace       used 6555K, capacity 6768K, committed 7040K, reserved 1056768K
  class space    used 739K, capacity 820K, committed 896K, reserved 1048576K
}
Event: 4.033 GC heap before
{Heap before GC invocations=11 (full 0):
 PSYoungGen      total 221184K, used 219157K [0x00000000d5d00000, 0x00000000e4500000, 0x0000000100000000)
  eden space 207872K, 100% used [0x00000000d5d00000,0x00000000e2800000,0x00000000e2800000)
  from space 13312K, 84% used [0x00000000e3600000,0x00000000e4105650,0x00000000e4300000)
  to   space 14336K, 0% used [0x00000000e2800000,0x00000000e2800000,0x00000000e3600000)
 ParOldGen       total 87552K, used 11139K [0x0000000081600000, 0x0000000086b80000, 0x00000000d5d00000)
  object space 87552K, 12% used [0x0000000081600000,0x00000000820e0f40,0x0000000086b80000)
 Metaspace       used 6555K, capacity 6768K, committed 7040K, reserved 1056768K
  class space    used 739K, capacity 820K, committed 896K, reserved 1048576K
Event: 4.059 GC heap after
Heap after GC invocations=11 (full 0):
 PSYoungGen      total 222208K, used 8117K [0x00000000d5d00000, 0x00000000ebe00000, 0x0000000100000000)
  eden space 207872K, 0% used [0x00000000d5d00000,0x00000000d5d00000,0x00000000e2800000)
  from space 14336K, 56% used [0x00000000e2800000,0x00000000e2fed7a0,0x00000000e3600000)
  to   space 14336K, 0% used [0x00000000eb000000,0x00000000eb000000,0x00000000ebe00000)
 ParOldGen       total 87552K, used 22224K [0x0000000081600000, 0x0000000086b80000, 0x00000000d5d00000)
  object space 87552K, 25% used [0x0000000081600000,0x0000000082bb4070,0x0000000086b80000)
 Metaspace       used 6555K, capacity 6768K, committed 7040K, reserved 1056768K
  class space    used 739K, capacity 820K, committed 896K, reserved 1048576K
}
Event: 4.568 GC heap before
{Heap before GC invocations=12 (full 0):
 PSYoungGen      total 222208K, used 215989K [0x00000000d5d00000, 0x00000000ebe00000, 0x0000000100000000)
  eden space 207872K, 100% used [0x00000000d5d00000,0x00000000e2800000,0x00000000e2800000)
  from space 14336K, 56% used [0x00000000e2800000,0x00000000e2fed7a0,0x00000000e3600000)
  to   space 14336K, 0% used [0x00000000eb000000,0x00000000eb000000,0x00000000ebe00000)
 ParOldGen       total 87552K, used 22224K [0x0000000081600000, 0x0000000086b80000, 0x00000000d5d00000)
  object space 87552K, 25% used [0x0000000081600000,0x0000000082bb4070,0x0000000086b80000)
 Metaspace       used 6580K, capacity 6768K, committed 7040K, reserved 1056768K
  class space    used 739K, capacity 820K, committed 896K, reserved 1048576K
Event: 4.592 GC heap after
Heap after GC invocations=12 (full 0):
 PSYoungGen      total 346624K, used 9920K [0x00000000d5d00000, 0x00000000ebf00000, 0x0000000100000000)
  eden space 332288K, 0% used [0x00000000d5d00000,0x00000000d5d00000,0x00000000ea180000)
  from space 14336K, 69% used [0x00000000eb000000,0x00000000eb9b01c0,0x00000000ebe00000)
  to   space 14848K, 0% used [0x00000000ea180000,0x00000000ea180000,0x00000000eb000000)
 ParOldGen       total 87552K, used 30334K [0x0000000081600000, 0x0000000086b80000, 0x00000000d5d00000)
  object space 87552K, 34% used [0x0000000081600000,0x000000008339f810,0x0000000086b80000)
 Metaspace       used 6580K, capacity 6768K, committed 7040K, reserved 1056768K
  class space    used 739K, capacity 820K, committed 896K, reserved 1048576K
}
Event: 5.412 GC heap before
{Heap before GC invocations=13 (full 0):
 PSYoungGen      total 346624K, used 342208K [0x00000000d5d00000, 0x00000000ebf00000, 0x0000000100000000)
  eden space 332288K, 100% used [0x00000000d5d00000,0x00000000ea180000,0x00000000ea180000)
  from space 14336K, 69% used [0x00000000eb000000,0x00000000eb9b01c0,0x00000000ebe00000)
  to   space 14848K, 0% used [0x00000000ea180000,0x00000000ea180000,0x00000000eb000000)
 ParOldGen       total 87552K, used 30334K [0x0000000081600000, 0x0000000086b80000, 0x00000000d5d00000)
  object space 87552K, 34% used [0x0000000081600000,0x000000008339f810,0x0000000086b80000)
 Metaspace       used 6580K, capacity 6768K, committed 7040K, reserved 1056768K
  class space    used 739K, capacity 820K, committed 896K, reserved 1048576K
Event: 5.446 GC heap after
Heap after GC invocations=13 (full 0):
 PSYoungGen      total 347136K, used 12960K [0x00000000d5d00000, 0x00000000f8480000, 0x0000000100000000)
  eden space 332288K, 0% used [0x00000000d5d00000,0x00000000d5d00000,0x00000000ea180000)
  from space 14848K, 87% used [0x00000000ea180000,0x00000000eae28368,0x00000000eb000000)
  to   space 16384K, 0% used [0x00000000f7480000,0x00000000f7480000,0x00000000f8480000)
 ParOldGen       total 87552K, used 40214K [0x0000000081600000, 0x0000000086b80000, 0x00000000d5d00000)
  object space 87552K, 45% used [0x0000000081600000,0x0000000083d459d0,0x0000000086b80000)
 Metaspace       used 6580K, capacity 6768K, committed 7040K, reserved 1056768K
  class space    used 739K, capacity 820K, committed 896K, reserved 1048576K
}

Deoptimization events (10 events):
Event: 1.810 Thread 0x0000000002fdb000 Uncommon trap: reason=array_check action=maybe_recompile pc=0x0000000003601bc4 method=de.unknownreality.dataframe.column.BasicColumn.doAppend(Ljava/lang/Comparable;)Z @ 55
Event: 1.810 Thread 0x0000000002fdb000 Uncommon trap: reason=array_check action=maybe_recompile pc=0x0000000003601bc4 method=de.unknownreality.dataframe.column.BasicColumn.doAppend(Ljava/lang/Comparable;)Z @ 55
Event: 1.810 Thread 0x0000000002fdb000 Uncommon trap: reason=array_check action=maybe_recompile pc=0x0000000003601bc4 method=de.unknownreality.dataframe.column.BasicColumn.doAppend(Ljava/lang/Comparable;)Z @ 55
Event: 1.810 Thread 0x0000000002fdb000 Uncommon trap: reason=array_check action=maybe_recompile pc=0x0000000003601bc4 method=de.unknownreality.dataframe.column.BasicColumn.doAppend(Ljava/lang/Comparable;)Z @ 55
Event: 1.833 Thread 0x0000000002fdb000 Uncommon trap: reason=unstable_if action=reinterpret pc=0x00000000035f6254 method=sun.misc.FloatingDecimal$BinaryToASCIIBuffer.getChars([C)I @ 47
Event: 1.993 Thread 0x0000000002fdb000 Uncommon trap: reason=unstable_if action=reinterpret pc=0x000000000360f760 method=sun.misc.FloatingDecimal$BinaryToASCIIBuffer.dtoa(IJIZ)V @ 88
Event: 2.543 Thread 0x0000000002fdb000 Uncommon trap: reason=unstable_if action=reinterpret pc=0x000000000362861c method=sun.misc.FDBigInteger.addAndCmp(Lsun/misc/FDBigInteger;Lsun/misc/FDBigInteger;)I @ 16
Event: 2.739 Thread 0x0000000002fdb000 Uncommon trap: reason=unstable_if action=reinterpret pc=0x00000000035ec080 method=sun.misc.FloatingDecimal$BinaryToASCIIBuffer.estimateDecExp(JI)I @ 117
Event: 3.402 Thread 0x0000000002fdb000 Uncommon trap: reason=unstable_if action=reinterpret pc=0x000000000350efbc method=moa.classifiers.rules.functions.Perceptron.updateWeights(Lcom/yahoo/labs/samoa/instances/Instance;D)V @ 144
Event: 3.402 Thread 0x0000000002fdb000 Uncommon trap: reason=unstable_if action=reinterpret pc=0x0000000003641a94 method=sun.misc.FloatingDecimal$BinaryToASCIIBuffer.estimateDecExp(JI)I @ 117

Classes redefined (0 events):
No events

Internal exceptions (10 events):
Event: 1.508 Thread 0x0000000002fdb000 Exception <a 'java/lang/NoSuchMethodError': <clinit>> (0x00000000d68b2b98) thrown at [C:\re\workspace\8-2-build-windows-amd64-cygwin\jdk8u211\12973\hotspot\src\share\vm\prims\jni.cpp, line 1614]
Event: 1.567 Thread 0x0000000002fdb000 Exception <a 'java/lang/NoSuchMethodError': <clinit>> (0x00000000d69705d8) thrown at [C:\re\workspace\8-2-build-windows-amd64-cygwin\jdk8u211\12973\hotspot\src\share\vm\prims\jni.cpp, line 1614]
Event: 1.569 Thread 0x0000000002fdb000 Exception <a 'java/lang/NoSuchMethodError': <clinit>> (0x00000000d6980820) thrown at [C:\re\workspace\8-2-build-windows-amd64-cygwin\jdk8u211\12973\hotspot\src\share\vm\prims\jni.cpp, line 1614]
Event: 1.570 Thread 0x0000000002fdb000 Exception <a 'java/lang/NoSuchMethodError': <clinit>> (0x00000000d6985e90) thrown at [C:\re\workspace\8-2-build-windows-amd64-cygwin\jdk8u211\12973\hotspot\src\share\vm\prims\jni.cpp, line 1614]
Event: 1.575 Thread 0x0000000002fdb000 Exception <a 'java/lang/NoSuchMethodError': <clinit>> (0x00000000d6999b50) thrown at [C:\re\workspace\8-2-build-windows-amd64-cygwin\jdk8u211\12973\hotspot\src\share\vm\prims\jni.cpp, line 1614]
Event: 1.579 Thread 0x0000000002fdb000 Exception <a 'java/lang/NoSuchMethodError': <clinit>> (0x00000000d699fa48) thrown at [C:\re\workspace\8-2-build-windows-amd64-cygwin\jdk8u211\12973\hotspot\src\share\vm\prims\jni.cpp, line 1614]
Event: 1.582 Thread 0x0000000002fdb000 Exception <a 'java/lang/NoSuchMethodError': <clinit>> (0x00000000d69b0840) thrown at [C:\re\workspace\8-2-build-windows-amd64-cygwin\jdk8u211\12973\hotspot\src\share\vm\prims\jni.cpp, line 1614]
Event: 1.628 Thread 0x0000000002fdb000 Exception <a 'java/lang/NoSuchFieldError': method resolution failed> (0x00000000d6ad9e98) thrown at [C:\re\workspace\8-2-build-windows-amd64-cygwin\jdk8u211\12973\hotspot\src\share\vm\prims\methodHandles.cpp, line 1167]
Event: 1.630 Thread 0x0000000002fdb000 Exception <a 'java/lang/NoSuchFieldError': method resolution failed> (0x00000000d6ae7a88) thrown at [C:\re\workspace\8-2-build-windows-amd64-cygwin\jdk8u211\12973\hotspot\src\share\vm\prims\methodHandles.cpp, line 1167]
Event: 1.668 Thread 0x0000000002fdb000 Exception <a 'java/lang/NoSuchMethodError': <clinit>> (0x00000000d6bfdbf0) thrown at [C:\re\workspace\8-2-build-windows-amd64-cygwin\jdk8u211\12973\hotspot\src\share\vm\prims\jni.cpp, line 1614]

Events (10 events):
Event: 3.484 Thread 0x0000000002fdb000 DEOPT PACKING pc=0x000000000364bb63 sp=0x0000000002fcf290
Event: 3.484 Thread 0x0000000002fdb000 DEOPT UNPACKING pc=0x00000000032c7890 sp=0x0000000002fcf0b0 mode 0
Event: 4.033 Executing VM operation: ParallelGCFailedAllocation
Event: 4.059 Executing VM operation: ParallelGCFailedAllocation done
Event: 4.320 Executing VM operation: EnableBiasedLocking
Event: 4.320 Executing VM operation: EnableBiasedLocking done
Event: 4.568 Executing VM operation: ParallelGCFailedAllocation
Event: 4.592 Executing VM operation: ParallelGCFailedAllocation done
Event: 5.412 Executing VM operation: ParallelGCFailedAllocation
Event: 5.446 Executing VM operation: ParallelGCFailedAllocation done


Dynamic libraries:
0x00007ff624de0000 - 0x00007ff624e17000 	C:\Program Files\Java\jre1.8.0_211\bin\javaw.exe
0x00007ffed0e00000 - 0x00007ffed0ff0000 	C:\WINDOWS\SYSTEM32\ntdll.dll
0x00007ffecfdb0000 - 0x00007ffecfe62000 	C:\WINDOWS\System32\KERNEL32.DLL
0x00007ffecde60000 - 0x00007ffece103000 	C:\WINDOWS\System32\KERNELBASE.dll
0x00007ffed06b0000 - 0x00007ffed0753000 	C:\WINDOWS\System32\ADVAPI32.dll
0x00007ffed0990000 - 0x00007ffed0a2e000 	C:\WINDOWS\System32\msvcrt.dll
0x00007ffed0610000 - 0x00007ffed06a7000 	C:\WINDOWS\System32\sechost.dll
0x00007ffed01c0000 - 0x00007ffed02e0000 	C:\WINDOWS\System32\RPCRT4.dll
0x00007ffecfa10000 - 0x00007ffecfba4000 	C:\WINDOWS\System32\USER32.dll
0x00007ffecde30000 - 0x00007ffecde51000 	C:\WINDOWS\System32\win32u.dll
0x00007ffecfc80000 - 0x00007ffecfca6000 	C:\WINDOWS\System32\GDI32.dll
0x00007ffece990000 - 0x00007ffeceb24000 	C:\WINDOWS\System32\gdi32full.dll
0x00007ffecdd90000 - 0x00007ffecde2e000 	C:\WINDOWS\System32\msvcp_win.dll
0x00007ffece890000 - 0x00007ffece98a000 	C:\WINDOWS\System32\ucrtbase.dll
0x00007ffeb8480000 - 0x00007ffeb8705000 	C:\WINDOWS\WinSxS\amd64_microsoft.windows.common-controls_6595b64144ccf1df_6.0.18362.720_none_e6beb5c51314836b\COMCTL32.dll
0x00007ffecfe70000 - 0x00007ffed01a6000 	C:\WINDOWS\System32\combase.dll
0x00007ffeceb50000 - 0x00007ffecebd0000 	C:\WINDOWS\System32\bcryptPrimitives.dll
0x00007ffed0c10000 - 0x00007ffed0c3e000 	C:\WINDOWS\System32\IMM32.DLL
0x0000000059000000 - 0x00000000590d2000 	C:\Program Files\Java\jre1.8.0_211\bin\msvcr100.dll
0x0000000058510000 - 0x0000000058db5000 	C:\Program Files\Java\jre1.8.0_211\bin\server\jvm.dll
0x00007ffecfda0000 - 0x00007ffecfda8000 	C:\WINDOWS\System32\PSAPI.DLL
0x00007ffec0480000 - 0x00007ffec0489000 	C:\WINDOWS\SYSTEM32\WSOCK32.dll
0x00007ffecfc10000 - 0x00007ffecfc7f000 	C:\WINDOWS\System32\WS2_32.dll
0x00007ffecbda0000 - 0x00007ffecbdc4000 	C:\WINDOWS\SYSTEM32\WINMM.dll
0x00007ffec22a0000 - 0x00007ffec22aa000 	C:\WINDOWS\SYSTEM32\VERSION.dll
0x00007ffecbd70000 - 0x00007ffecbd9d000 	C:\WINDOWS\SYSTEM32\winmmbase.dll
0x00007ffecee00000 - 0x00007ffecee4a000 	C:\WINDOWS\System32\cfgmgr32.dll
0x00007ffec8d50000 - 0x00007ffec8d5f000 	C:\Program Files\Java\jre1.8.0_211\bin\verify.dll
0x00007ffeb4000000 - 0x00007ffeb4029000 	C:\Program Files\Java\jre1.8.0_211\bin\java.dll
0x00007ffec8dd0000 - 0x00007ffec8df3000 	C:\Program Files\Java\jre1.8.0_211\bin\instrument.dll
0x00007ffebd790000 - 0x00007ffebd7a6000 	C:\Program Files\Java\jre1.8.0_211\bin\zip.dll
0x00007ffecf320000 - 0x00007ffecfa05000 	C:\WINDOWS\System32\SHELL32.dll
0x00007ffed0c40000 - 0x00007ffed0ce9000 	C:\WINDOWS\System32\shcore.dll
0x00007ffece110000 - 0x00007ffece890000 	C:\WINDOWS\System32\windows.storage.dll
0x00007ffecdd40000 - 0x00007ffecdd63000 	C:\WINDOWS\System32\profapi.dll
0x00007ffecdcd0000 - 0x00007ffecdd1a000 	C:\WINDOWS\System32\powrprof.dll
0x00007ffecdcc0000 - 0x00007ffecdcd0000 	C:\WINDOWS\System32\UMPDC.dll
0x00007ffecfbb0000 - 0x00007ffecfc02000 	C:\WINDOWS\System32\shlwapi.dll
0x00007ffecdd20000 - 0x00007ffecdd31000 	C:\WINDOWS\System32\kernel.appcore.dll
0x00007ffeceb30000 - 0x00007ffeceb47000 	C:\WINDOWS\System32\cryptsp.dll

VM Arguments:
jvm_args: -javaagent:C:\Users\Ehsan\.m2\repository\com\github\fracpete\sizeofag\1.0.4\sizeofag-1.0.4.jar -Dfile.encoding=UTF-8 
java_command: ehaminian.gmail.com.stream1.Prequential
java_class_path (initial): C:\Users\Ehsan\Desktop\conference\javaworkspace\stream1\target\classes;C:\Program Files\Java\jdk1.8.0_181\lib\tools.jar;C:\Users\Ehsan\.m2\repository\nz\ac\waikato\cms\moa\moa\2019.05.0\moa-2019.05.0.jar;C:\Users\Ehsan\.m2\repository\nz\ac\waikato\cms\weka\weka-dev\3.9.2\weka-dev-3.9.2.jar;C:\Users\Ehsan\.m2\repository\nz\ac\waikato\cms\weka\thirdparty\java-cup-11b\2015.03.26\java-cup-11b-2015.03.26.jar;C:\Users\Ehsan\.m2\repository\nz\ac\waikato\cms\weka\thirdparty\java-cup-11b-runtime\2015.03.26\java-cup-11b-runtime-2015.03.26.jar;C:\Users\Ehsan\.m2\repository\nz\ac\waikato\cms\weka\thirdparty\bounce\0.18\bounce-0.18.jar;C:\Users\Ehsan\.m2\repository\com\googlecode\matrix-toolkits-java\mtj\1.0.4\mtj-1.0.4.jar;C:\Users\Ehsan\.m2\repository\com\github\fommil\netlib\netlib-native_ref-osx-x86_64\1.1\netlib-native_ref-osx-x86_64-1.1-natives.jar;C:\Users\Ehsan\.m2\repository\com\github\fommil\netlib\native_ref-java\1.1\native_ref-java-1.1.jar;C:\Users\Ehsan\.m2\repository\com\github\fommil\jniloader\1.1\jniloader-1.1.jar;C:\Users\Ehsan\.m2\repository\com\github\fommil\netlib\netlib-native_ref-linux-x86_64\1.1\netlib-native_ref-linux-x86_64-1.1-natives.jar;C:\Users\Ehsan\.m2\repository\com\github\fommil\netlib\netlib-native_ref-linux-i686\1.1\netlib-native_ref-linux-i686-1.1-natives.jar;C:\Users\Ehsan\.m2\repository\com\github\fommil\netlib\netlib-native_ref-win-x86_64\1.1\netlib-native_ref-win-x86_64-1.1-natives.jar;C:\Users\Ehsan\.m2\repository\com\github\fommil\netlib\netlib-native_ref-win-i686\1.1\netlib-native_ref-win-i686-1.1-natives.jar;C:\Users\Ehsan\.m2\repository\com\github\fommil\netlib\netlib-native_ref-linux-armhf\1.1\netlib-native_ref-linux-armhf-1.1-natives.jar;C:\Users\Ehsan\.m2\repository\com\github\fommil\netlib\netlib-native_system-osx-x86_64\1.1\netlib-native_system-osx-x86_64-1.1-natives.jar;C:\Users\Ehsan\.m2\repository\com\github\fommil\netlib\native_system-java\1.1\native_system-java-1.1.jar;C:\Users\Ehsan\.m2\reposito
Launcher Type: SUN_STANDARD

Environment Variables:
JAVA_HOME=C:\Program Files\Java\jdk1.8.0_181\bin
PATH=C:/Program Files/Java/jre1.8.0_211/bin/server;C:/Program Files/Java/jre1.8.0_211/bin;C:/Program Files/Java/jre1.8.0_211/lib/amd64;C:\Rtools\bin;c:\Program Files (x86)\Intel\iCLS Client\;c:\Program Files\Intel\iCLS Client\;C:\Program Files (x86)\Common Files\Oracle\Java\javapath;C:\ProgramData\Oracle\Java\javapath;C:\Windows\system32;C:\Windows;C:\Windows\System32\Wbem;C:\Windows\System32\WindowsPowerShell\v1.0\;C:\Windows\System32\OpenSSH\;C:\Users\Ehsan\.dnx\bin;C:\Program Files\Microsoft DNX\Dnvm\;C:\Program Files\Microsoft SQL Server\120\Tools\Binn\;C:\Program Files\Microsoft SQL Server\130\Tools\Binn\;C:\Program Files\Intel\Intel(R) Management Engine Components\DAL;C:\Program Files\Intel\Intel(R) Management Engine Components\IPT;C:\Program Files (x86)\Intel\Intel(R) Management Engine Components\DAL;C:\Program Files (x86)\Intel\Intel(R) Management Engine Components\IPT;C:\Program Files (x86)\NVIDIA Corporation\PhysX\Common;C:\Program Files\Java\jdk1.8.0_181\bin;C:\Program Files\Git\cmd;C:\WINDOWS\system32;C:\WINDOWS;C:\WINDOWS\System32\Wbem;C:\WINDOWS\System32\WindowsPowerShell\v1.0\;C:\WINDOWS\System32\OpenSSH\;c:\php7;C:\ProgramData\chocolatey\bin;C:\Program Files (x86)\Yarn\bin\;C:\Program Files\nodejs\;C:\Program Files\MiKTeX 2.9\miktex\bin\x64\;C:\Users\Ehsan\AppData\Local\Programs\Python\Python37-32\Scripts;C:\Users\Ehsan\AppData\Local\Microsoft\WindowsApps;C:\Program Files\Java\jdk1.8.0_181\bin;C:\Program Files\R\R-3.5.1\bin\x64;C:\Users\Ehsan\AppData\Local\Programs\Microsoft VS Code\bin;C:\Users\Ehsan\AppData\Local\Yarn\bin;C:\Users\Ehsan\AppData\Roaming\npm;C:\Users\Ehsan\AppData\Local\Programs\Python\Python37-32\Scripts;;C:\Program Files\JetBrains\PyCharm Community Edition 2019.2.5\bin;;C:\WINDOWS\system32;
USERNAME=Ehsan
OS=Windows_NT
PROCESSOR_IDENTIFIER=Intel64 Family 6 Model 69 Stepping 1, GenuineIntel



---------------  S Y S T E M  ---------------

OS: Windows 10.0 , 64 bit Build 18362 (10.0.18362.329)

CPU:total 4 (initial active 4) (2 cores per cpu, 2 threads per core) family 6 model 69 stepping 1, cmov, cx8, fxsr, mmx, sse, sse2, sse3, ssse3, sse4.1, sse4.2, popcnt, avx, avx2, aes, clmul, erms, lzcnt, ht, tsc, tscinvbit, bmi1, bmi2

Memory: 4k page, physical 8294408k(1465808k free), swap 33460232k(5540k free)

vm_info: Java HotSpot(TM) 64-Bit Server VM (25.211-b12) for windows-amd64 JRE (1.8.0_211-b12), built on Apr  1 2019 20:53:26 by "java_re" with MS VC++ 10.0 (VS2010)

time: Mon Apr 06 11:37:51 2020
timezone: GMT Daylight Time
elapsed time: 5 seconds (0d 0h 0m 5s)

